juil. 18, 2014 9:30:42 PM org.apache.catalina.core.AprLifecycleListener init
INFOS: The APR based Apache Tomcat Native library which allows optimal performance in production environments was not found on the java.library.path: /usr/java/packages/lib/amd64:/usr/lib64:/lib64:/lib:/usr/lib
juil. 18, 2014 9:30:43 PM org.apache.coyote.AbstractProtocol init
INFOS: Initializing ProtocolHandler ["http-bio-8080"]
juil. 18, 2014 9:30:43 PM org.apache.coyote.AbstractProtocol init
INFOS: Initializing ProtocolHandler ["ajp-bio-8009"]
juil. 18, 2014 9:30:43 PM org.apache.catalina.startup.Catalina load
INFOS: Initialization processed in 1889 ms
juil. 18, 2014 9:30:44 PM org.apache.catalina.core.StandardService startInternal
INFOS: Démarrage du service Catalina
juil. 18, 2014 9:30:44 PM org.apache.catalina.core.StandardEngine startInternal
INFOS: Starting Servlet Engine: Apache Tomcat/7.0.22
juil. 18, 2014 9:30:44 PM org.apache.catalina.startup.HostConfig deployWAR
INFOS: Déploiement de l'archive ProjetSousTitres.war de l'application web
juil. 18, 2014 9:30:45 PM org.apache.catalina.startup.HostConfig deployDirectory
INFOS: Déploiement du répertoire dev de l'application web
juil. 18, 2014 9:30:45 PM org.apache.catalina.startup.HostConfig deployDirectory
INFOS: Déploiement du répertoire TestSub de l'application web
juil. 18, 2014 9:30:45 PM org.apache.catalina.startup.HostConfig deployDirectory
INFOS: Déploiement du répertoire ROOT de l'application web
juil. 18, 2014 9:30:45 PM org.apache.catalina.startup.HostConfig deployDirectory
INFOS: Déploiement du répertoire host-manager de l'application web
juil. 18, 2014 9:30:45 PM org.apache.catalina.startup.HostConfig deployDirectory
INFOS: Déploiement du répertoire SubMaker de l'application web
juil. 18, 2014 9:30:45 PM org.apache.catalina.startup.HostConfig deployDirectory
INFOS: Déploiement du répertoire manager de l'application web
juil. 18, 2014 9:30:45 PM org.apache.catalina.startup.HostConfig deployDirectory
INFOS: Déploiement du répertoire Gabriel de l'application web
juil. 18, 2014 9:30:45 PM org.apache.catalina.startup.HostConfig deployDirectory
INFOS: Déploiement du répertoire examples de l'application web
juil. 18, 2014 9:30:45 PM org.apache.catalina.startup.HostConfig deployDirectory
INFOS: Déploiement du répertoire docs de l'application web
juil. 18, 2014 9:30:45 PM org.apache.catalina.startup.HostConfig deployDirectory
INFOS: Déploiement du répertoire TP de l'application web
juil. 18, 2014 9:30:46 PM org.apache.coyote.AbstractProtocol start
INFOS: Starting ProtocolHandler ["http-bio-8080"]
juil. 18, 2014 9:30:46 PM org.apache.coyote.AbstractProtocol start
INFOS: Starting ProtocolHandler ["ajp-bio-8009"]
juil. 18, 2014 9:30:46 PM org.apache.catalina.startup.Catalina start
INFOS: Server startup in 2413 ms
juil. 18, 2014 10:28:51 PM org.apache.coyote.AbstractProtocol pause
INFOS: Pausing ProtocolHandler ["http-bio-8080"]
juil. 18, 2014 10:28:52 PM org.apache.coyote.AbstractProtocol pause
INFOS: Pausing ProtocolHandler ["ajp-bio-8009"]
juil. 18, 2014 10:28:53 PM org.apache.catalina.core.StandardService stopInternal
INFOS: Arrêt du service Catalina
juil. 18, 2014 10:28:53 PM org.apache.coyote.AbstractProtocol stop
INFOS: Stopping ProtocolHandler ["http-bio-8080"]
juil. 18, 2014 10:28:53 PM org.apache.coyote.AbstractProtocol stop
INFOS: Stopping ProtocolHandler ["ajp-bio-8009"]
juil. 18, 2014 10:28:53 PM org.apache.coyote.AbstractProtocol destroy
INFOS: Destroying ProtocolHandler ["http-bio-8080"]
juil. 18, 2014 10:28:53 PM org.apache.coyote.AbstractProtocol destroy
INFOS: Destroying ProtocolHandler ["ajp-bio-8009"]
