17 janv. 2013 15:48:44 org.apache.catalina.core.AprLifecycleListener init
INFO: The APR based Apache Tomcat Native library which allows optimal performance in production environments was not found on the java.library.path: /usr/lib/jvm/java-6-openjdk/jre/lib/amd64/server:/usr/lib/jvm/java-6-openjdk/jre/lib/amd64:/usr/lib/jvm/java-6-openjdk/jre/../lib/amd64:/usr/java/packages/lib/amd64:/usr/lib/jni:/lib:/usr/lib
17 janv. 2013 15:48:45 org.apache.coyote.AbstractProtocol init
INFO: Initializing ProtocolHandler ["http-bio-8080"]
17 janv. 2013 15:48:45 org.apache.coyote.AbstractProtocol init
INFO: Initializing ProtocolHandler ["ajp-bio-8009"]
17 janv. 2013 15:48:45 org.apache.catalina.startup.Catalina load
INFO: Initialization processed in 1896 ms
17 janv. 2013 15:48:46 org.apache.catalina.core.StandardService startInternal
INFO: Démarrage du service Catalina
17 janv. 2013 15:48:46 org.apache.catalina.core.StandardEngine startInternal
INFO: Starting Servlet Engine: Apache Tomcat/7.0.22
17 janv. 2013 15:48:46 org.apache.catalina.startup.HostConfig deployWAR
INFO: Déploiement de l'archive ProjetSousTitres.war de l'application web
17 janv. 2013 15:48:46 org.apache.catalina.startup.HostConfig deployDirectory
INFO: Déploiement du répertoire docs de l'application web
17 janv. 2013 15:48:46 org.apache.catalina.startup.HostConfig deployDirectory
INFO: Déploiement du répertoire ROOT de l'application web
17 janv. 2013 15:48:46 org.apache.catalina.startup.HostConfig deployDirectory
INFO: Déploiement du répertoire dev de l'application web
17 janv. 2013 15:48:47 org.apache.catalina.startup.HostConfig deployDirectory
INFO: Déploiement du répertoire examples de l'application web
17 janv. 2013 15:48:47 org.apache.catalina.startup.HostConfig deployDirectory
INFO: Déploiement du répertoire host-manager de l'application web
17 janv. 2013 15:48:47 org.apache.catalina.startup.HostConfig deployDirectory
INFO: Déploiement du répertoire TP de l'application web
17 janv. 2013 15:48:47 org.apache.catalina.startup.HostConfig deployDirectory
INFO: Déploiement du répertoire manager de l'application web
17 janv. 2013 15:48:47 org.apache.catalina.startup.HostConfig deployDirectory
INFO: Déploiement du répertoire TestSub de l'application web
17 janv. 2013 15:48:47 org.apache.catalina.startup.HostConfig deployDirectory
INFO: Déploiement du répertoire SubMaker de l'application web
17 janv. 2013 15:48:47 org.apache.catalina.startup.HostConfig deployDirectory
INFO: Déploiement du répertoire Gabriel de l'application web
17 janv. 2013 15:48:47 org.apache.coyote.AbstractProtocol start
INFO: Starting ProtocolHandler ["http-bio-8080"]
17 janv. 2013 15:48:47 org.apache.coyote.AbstractProtocol start
INFO: Starting ProtocolHandler ["ajp-bio-8009"]
17 janv. 2013 15:48:47 org.apache.catalina.startup.Catalina start
INFO: Server startup in 1697 ms
