22 mars 2013 10:44:17 org.apache.catalina.core.AprLifecycleListener init
INFO: The APR based Apache Tomcat Native library which allows optimal performance in production environments was not found on the java.library.path: /usr/lib/jvm/java-6-openjdk/jre/lib/amd64/server:/usr/lib/jvm/java-6-openjdk/jre/lib/amd64:/usr/lib/jvm/java-6-openjdk/jre/../lib/amd64:/usr/java/packages/lib/amd64:/usr/lib/jni:/lib:/usr/lib
22 mars 2013 10:44:20 org.apache.coyote.AbstractProtocol init
INFO: Initializing ProtocolHandler ["http-bio-8080"]
22 mars 2013 10:44:20 org.apache.coyote.AbstractProtocol init
INFO: Initializing ProtocolHandler ["ajp-bio-8009"]
22 mars 2013 10:44:20 org.apache.catalina.startup.Catalina load
INFO: Initialization processed in 4437 ms
22 mars 2013 10:44:21 org.apache.catalina.core.StandardService startInternal
INFO: Démarrage du service Catalina
22 mars 2013 10:44:21 org.apache.catalina.core.StandardEngine startInternal
INFO: Starting Servlet Engine: Apache Tomcat/7.0.22
22 mars 2013 10:44:21 org.apache.catalina.startup.HostConfig deployWAR
INFO: Déploiement de l'archive ProjetSousTitres.war de l'application web
22 mars 2013 10:44:22 org.apache.catalina.util.SessionIdGenerator createSecureRandom
INFO: Creation of SecureRandom instance for session ID generation using [SHA1PRNG] took [118] milliseconds.
22 mars 2013 10:44:22 org.apache.catalina.startup.HostConfig deployDirectory
INFO: Déploiement du répertoire docs de l'application web
22 mars 2013 10:44:22 org.apache.catalina.startup.HostConfig deployDirectory
INFO: Déploiement du répertoire ROOT de l'application web
22 mars 2013 10:44:22 org.apache.catalina.startup.HostConfig deployDirectory
INFO: Déploiement du répertoire dev de l'application web
22 mars 2013 10:44:22 org.apache.catalina.startup.HostConfig deployDirectory
INFO: Déploiement du répertoire examples de l'application web
22 mars 2013 10:44:22 org.apache.catalina.startup.HostConfig deployDirectory
INFO: Déploiement du répertoire host-manager de l'application web
22 mars 2013 10:44:23 org.apache.catalina.startup.HostConfig deployDirectory
INFO: Déploiement du répertoire TP de l'application web
22 mars 2013 10:44:23 org.apache.catalina.startup.HostConfig deployDirectory
INFO: Déploiement du répertoire manager de l'application web
22 mars 2013 10:44:23 org.apache.catalina.startup.HostConfig deployDirectory
INFO: Déploiement du répertoire TestSub de l'application web
22 mars 2013 10:44:23 org.apache.catalina.startup.HostConfig deployDirectory
INFO: Déploiement du répertoire SubMaker de l'application web
22 mars 2013 10:44:23 org.apache.catalina.startup.HostConfig deployDirectory
INFO: Déploiement du répertoire Gabriel de l'application web
22 mars 2013 10:44:23 org.apache.coyote.AbstractProtocol start
INFO: Starting ProtocolHandler ["http-bio-8080"]
22 mars 2013 10:44:23 org.apache.coyote.AbstractProtocol start
INFO: Starting ProtocolHandler ["ajp-bio-8009"]
22 mars 2013 10:44:23 org.apache.catalina.startup.Catalina start
INFO: Server startup in 2720 ms
22 mars 2013 17:39:36 org.apache.coyote.AbstractProtocol pause
INFO: Pausing ProtocolHandler ["http-bio-8080"]
22 mars 2013 17:39:37 org.apache.coyote.AbstractProtocol pause
INFO: Pausing ProtocolHandler ["ajp-bio-8009"]
22 mars 2013 17:39:38 org.apache.catalina.core.StandardService stopInternal
INFO: Arrêt du service Catalina
22 mars 2013 17:39:39 org.apache.coyote.AbstractProtocol stop
INFO: Stopping ProtocolHandler ["http-bio-8080"]
22 mars 2013 17:39:39 org.apache.coyote.AbstractProtocol stop
INFO: Stopping ProtocolHandler ["ajp-bio-8009"]
22 mars 2013 17:39:39 org.apache.coyote.AbstractProtocol destroy
INFO: Destroying ProtocolHandler ["http-bio-8080"]
22 mars 2013 17:39:39 org.apache.coyote.AbstractProtocol destroy
INFO: Destroying ProtocolHandler ["ajp-bio-8009"]
