19 nov. 2012 15:03:02 org.apache.catalina.core.AprLifecycleListener init
INFO: The APR based Apache Tomcat Native library which allows optimal performance in production environments was not found on the java.library.path: /usr/lib/jvm/java-6-openjdk/jre/lib/amd64/server:/usr/lib/jvm/java-6-openjdk/jre/lib/amd64:/usr/lib/jvm/java-6-openjdk/jre/../lib/amd64:/usr/java/packages/lib/amd64:/usr/lib/jni:/lib:/usr/lib
19 nov. 2012 15:03:03 org.apache.coyote.AbstractProtocol init
INFO: Initializing ProtocolHandler ["http-bio-8080"]
19 nov. 2012 15:03:03 org.apache.coyote.AbstractProtocol init
INFO: Initializing ProtocolHandler ["ajp-bio-8009"]
19 nov. 2012 15:03:03 org.apache.catalina.startup.Catalina load
INFO: Initialization processed in 1288 ms
19 nov. 2012 15:03:03 org.apache.catalina.core.StandardService startInternal
INFO: Démarrage du service Catalina
19 nov. 2012 15:03:03 org.apache.catalina.core.StandardEngine startInternal
INFO: Starting Servlet Engine: Apache Tomcat/7.0.22
19 nov. 2012 15:03:03 org.apache.catalina.startup.HostConfig deployDirectory
INFO: Déploiement du répertoire docs de l'application web
19 nov. 2012 15:03:03 org.apache.catalina.startup.HostConfig deployDirectory
INFO: Déploiement du répertoire ROOT de l'application web
19 nov. 2012 15:03:03 org.apache.catalina.startup.HostConfig deployDirectory
INFO: Déploiement du répertoire dev de l'application web
19 nov. 2012 15:03:03 org.apache.catalina.startup.HostConfig deployDirectory
INFO: Déploiement du répertoire examples de l'application web
19 nov. 2012 15:03:04 org.apache.catalina.startup.HostConfig deployDirectory
INFO: Déploiement du répertoire host-manager de l'application web
19 nov. 2012 15:03:04 org.apache.catalina.startup.HostConfig deployDirectory
INFO: Déploiement du répertoire TP de l'application web
19 nov. 2012 15:03:04 org.apache.catalina.startup.HostConfig deployDirectory
INFO: Déploiement du répertoire manager de l'application web
19 nov. 2012 15:03:04 org.apache.catalina.startup.HostConfig deployDirectory
INFO: Déploiement du répertoire SubMaker de l'application web
19 nov. 2012 15:03:04 org.apache.coyote.AbstractProtocol start
INFO: Starting ProtocolHandler ["http-bio-8080"]
19 nov. 2012 15:03:04 org.apache.coyote.AbstractProtocol start
INFO: Starting ProtocolHandler ["ajp-bio-8009"]
19 nov. 2012 15:03:04 org.apache.catalina.startup.Catalina start
INFO: Server startup in 1342 ms
19 nov. 2012 15:45:54 org.apache.catalina.startup.HostConfig deployWAR
INFO: Déploiement de l'archive ProjetSousTitres.war de l'application web
19 nov. 2012 15:46:23 org.apache.catalina.core.StandardServer await
INFO: A valid shutdown command was received via the shutdown port. Stopping the Server instance.
19 nov. 2012 15:46:23 org.apache.coyote.AbstractProtocol pause
INFO: Pausing ProtocolHandler ["http-bio-8080"]
19 nov. 2012 15:46:24 org.apache.coyote.AbstractProtocol pause
INFO: Pausing ProtocolHandler ["ajp-bio-8009"]
19 nov. 2012 15:46:25 org.apache.catalina.core.StandardService stopInternal
INFO: Arrêt du service Catalina
19 nov. 2012 15:46:25 org.apache.coyote.AbstractProtocol stop
INFO: Stopping ProtocolHandler ["http-bio-8080"]
19 nov. 2012 15:46:25 org.apache.coyote.AbstractProtocol stop
INFO: Stopping ProtocolHandler ["ajp-bio-8009"]
19 nov. 2012 15:46:25 org.apache.coyote.AbstractProtocol destroy
INFO: Destroying ProtocolHandler ["http-bio-8080"]
19 nov. 2012 15:46:25 org.apache.coyote.AbstractProtocol destroy
INFO: Destroying ProtocolHandler ["ajp-bio-8009"]
19 nov. 2012 15:46:28 org.apache.catalina.core.AprLifecycleListener init
INFO: The APR based Apache Tomcat Native library which allows optimal performance in production environments was not found on the java.library.path: /usr/lib/jvm/java-6-openjdk/jre/lib/amd64/server:/usr/lib/jvm/java-6-openjdk/jre/lib/amd64:/usr/lib/jvm/java-6-openjdk/jre/../lib/amd64:/usr/java/packages/lib/amd64:/usr/lib/jni:/lib:/usr/lib
19 nov. 2012 15:46:28 org.apache.coyote.AbstractProtocol init
INFO: Initializing ProtocolHandler ["http-bio-8080"]
19 nov. 2012 15:46:28 org.apache.coyote.AbstractProtocol init
INFO: Initializing ProtocolHandler ["ajp-bio-8009"]
19 nov. 2012 15:46:28 org.apache.catalina.startup.Catalina load
INFO: Initialization processed in 603 ms
19 nov. 2012 15:46:28 org.apache.catalina.core.StandardService startInternal
INFO: Démarrage du service Catalina
19 nov. 2012 15:46:28 org.apache.catalina.core.StandardEngine startInternal
INFO: Starting Servlet Engine: Apache Tomcat/7.0.22
19 nov. 2012 15:46:28 org.apache.catalina.startup.HostConfig deployWAR
INFO: Déploiement de l'archive ProjetSousTitres.war de l'application web
19 nov. 2012 15:46:28 org.apache.catalina.startup.HostConfig deployDirectory
INFO: Déploiement du répertoire docs de l'application web
19 nov. 2012 15:46:28 org.apache.catalina.startup.HostConfig deployDirectory
INFO: Déploiement du répertoire ROOT de l'application web
19 nov. 2012 15:46:28 org.apache.catalina.startup.HostConfig deployDirectory
INFO: Déploiement du répertoire dev de l'application web
19 nov. 2012 15:46:29 org.apache.catalina.startup.HostConfig deployDirectory
INFO: Déploiement du répertoire examples de l'application web
19 nov. 2012 15:46:29 org.apache.catalina.startup.HostConfig deployDirectory
INFO: Déploiement du répertoire host-manager de l'application web
19 nov. 2012 15:46:29 org.apache.catalina.startup.HostConfig deployDirectory
INFO: Déploiement du répertoire TP de l'application web
19 nov. 2012 15:46:29 org.apache.catalina.startup.HostConfig deployDirectory
INFO: Déploiement du répertoire manager de l'application web
19 nov. 2012 15:46:29 org.apache.catalina.startup.HostConfig deployDirectory
INFO: Déploiement du répertoire SubMaker de l'application web
19 nov. 2012 15:46:29 org.apache.coyote.AbstractProtocol start
INFO: Starting ProtocolHandler ["http-bio-8080"]
19 nov. 2012 15:46:29 org.apache.coyote.AbstractProtocol start
INFO: Starting ProtocolHandler ["ajp-bio-8009"]
19 nov. 2012 15:46:29 org.apache.catalina.startup.Catalina start
INFO: Server startup in 908 ms
19 nov. 2012 15:54:49 org.apache.catalina.core.StandardServer await
INFO: A valid shutdown command was received via the shutdown port. Stopping the Server instance.
19 nov. 2012 15:54:49 org.apache.coyote.AbstractProtocol pause
INFO: Pausing ProtocolHandler ["http-bio-8080"]
19 nov. 2012 15:54:50 org.apache.coyote.AbstractProtocol pause
INFO: Pausing ProtocolHandler ["ajp-bio-8009"]
19 nov. 2012 15:54:51 org.apache.catalina.core.StandardService stopInternal
INFO: Arrêt du service Catalina
19 nov. 2012 15:54:51 org.apache.coyote.AbstractProtocol stop
INFO: Stopping ProtocolHandler ["http-bio-8080"]
19 nov. 2012 15:54:51 org.apache.coyote.AbstractProtocol stop
INFO: Stopping ProtocolHandler ["ajp-bio-8009"]
19 nov. 2012 15:54:51 org.apache.coyote.AbstractProtocol destroy
INFO: Destroying ProtocolHandler ["http-bio-8080"]
19 nov. 2012 15:54:51 org.apache.coyote.AbstractProtocol destroy
INFO: Destroying ProtocolHandler ["ajp-bio-8009"]
19 nov. 2012 15:54:53 org.apache.catalina.core.AprLifecycleListener init
INFO: The APR based Apache Tomcat Native library which allows optimal performance in production environments was not found on the java.library.path: /usr/lib/jvm/java-6-openjdk/jre/lib/amd64/server:/usr/lib/jvm/java-6-openjdk/jre/lib/amd64:/usr/lib/jvm/java-6-openjdk/jre/../lib/amd64:/usr/java/packages/lib/amd64:/usr/lib/jni:/lib:/usr/lib
19 nov. 2012 15:54:53 org.apache.coyote.AbstractProtocol init
INFO: Initializing ProtocolHandler ["http-bio-8080"]
19 nov. 2012 15:54:53 org.apache.coyote.AbstractProtocol init
INFO: Initializing ProtocolHandler ["ajp-bio-8009"]
19 nov. 2012 15:54:53 org.apache.catalina.startup.Catalina load
INFO: Initialization processed in 589 ms
19 nov. 2012 15:54:53 org.apache.catalina.core.StandardService startInternal
INFO: Démarrage du service Catalina
19 nov. 2012 15:54:53 org.apache.catalina.core.StandardEngine startInternal
INFO: Starting Servlet Engine: Apache Tomcat/7.0.22
19 nov. 2012 15:54:53 org.apache.catalina.startup.HostConfig deployWAR
INFO: Déploiement de l'archive ProjetSousTitres.war de l'application web
19 nov. 2012 15:54:58 org.apache.catalina.util.SessionIdGenerator createSecureRandom
INFO: Creation of SecureRandom instance for session ID generation using [SHA1PRNG] took [4 175] milliseconds.
19 nov. 2012 15:54:58 org.apache.catalina.startup.HostConfig deployDirectory
INFO: Déploiement du répertoire docs de l'application web
19 nov. 2012 15:54:58 org.apache.catalina.startup.HostConfig deployDirectory
INFO: Déploiement du répertoire ROOT de l'application web
19 nov. 2012 15:54:58 org.apache.catalina.startup.HostConfig deployDirectory
INFO: Déploiement du répertoire dev de l'application web
19 nov. 2012 15:54:58 org.apache.catalina.startup.HostConfig deployDirectory
INFO: Déploiement du répertoire examples de l'application web
19 nov. 2012 15:54:58 org.apache.catalina.startup.HostConfig deployDirectory
INFO: Déploiement du répertoire host-manager de l'application web
19 nov. 2012 15:54:58 org.apache.catalina.startup.HostConfig deployDirectory
INFO: Déploiement du répertoire TP de l'application web
19 nov. 2012 15:54:58 org.apache.catalina.startup.HostConfig deployDirectory
INFO: Déploiement du répertoire manager de l'application web
19 nov. 2012 15:54:58 org.apache.catalina.startup.HostConfig deployDirectory
INFO: Déploiement du répertoire SubMaker de l'application web
19 nov. 2012 15:54:58 org.apache.coyote.AbstractProtocol start
INFO: Starting ProtocolHandler ["http-bio-8080"]
19 nov. 2012 15:54:58 org.apache.coyote.AbstractProtocol start
INFO: Starting ProtocolHandler ["ajp-bio-8009"]
19 nov. 2012 15:54:58 org.apache.catalina.startup.Catalina start
INFO: Server startup in 5193 ms
19 nov. 2012 16:00:49 org.apache.catalina.startup.HostConfig checkResources
INFO: Repli (undeploy) de l'application web ayant pour chemin de contexte /ProjetSousTitres
19 nov. 2012 16:01:19 org.apache.catalina.startup.HostConfig deployWAR
INFO: Déploiement de l'archive ProjetSousTitres.war de l'application web
19 nov. 2012 16:07:00 org.apache.catalina.startup.HostConfig checkResources
INFO: Repli (undeploy) de l'application web ayant pour chemin de contexte /ProjetSousTitres
19 nov. 2012 16:07:21 org.apache.catalina.startup.HostConfig deployWAR
INFO: Déploiement de l'archive ProjetSousTitres.war de l'application web
19 nov. 2012 16:08:11 org.apache.catalina.startup.HostConfig checkResources
INFO: Repli (undeploy) de l'application web ayant pour chemin de contexte /ProjetSousTitres
19 nov. 2012 16:08:21 org.apache.catalina.startup.HostConfig deployWAR
INFO: Déploiement de l'archive ProjetSousTitres.war de l'application web
19 nov. 2012 16:12:02 org.apache.catalina.startup.HostConfig checkResources
INFO: Repli (undeploy) de l'application web ayant pour chemin de contexte /ProjetSousTitres
19 nov. 2012 16:12:13 org.apache.catalina.startup.HostConfig deployWAR
INFO: Déploiement de l'archive ProjetSousTitres.war de l'application web
19 nov. 2012 16:13:53 org.apache.catalina.startup.HostConfig checkResources
INFO: Repli (undeploy) de l'application web ayant pour chemin de contexte /ProjetSousTitres
19 nov. 2012 16:14:04 org.apache.catalina.startup.HostConfig deployWAR
INFO: Déploiement de l'archive ProjetSousTitres.war de l'application web
19 nov. 2012 17:37:55 org.apache.catalina.startup.HostConfig checkResources
INFO: Repli (undeploy) de l'application web ayant pour chemin de contexte /ProjetSousTitres
19 nov. 2012 17:38:05 org.apache.catalina.startup.HostConfig deployWAR
INFO: Déploiement de l'archive ProjetSousTitres.war de l'application web
19 nov. 2012 17:39:26 org.apache.catalina.startup.HostConfig checkResources
INFO: Repli (undeploy) de l'application web ayant pour chemin de contexte /ProjetSousTitres
19 nov. 2012 17:39:46 org.apache.catalina.startup.HostConfig deployWAR
INFO: Déploiement de l'archive ProjetSousTitres.war de l'application web
19 nov. 2012 17:41:37 org.apache.catalina.startup.HostConfig checkResources
INFO: Repli (undeploy) de l'application web ayant pour chemin de contexte /ProjetSousTitres
19 nov. 2012 17:41:47 org.apache.catalina.startup.HostConfig deployWAR
INFO: Déploiement de l'archive ProjetSousTitres.war de l'application web
19 nov. 2012 17:47:48 org.apache.catalina.startup.HostConfig checkResources
INFO: Repli (undeploy) de l'application web ayant pour chemin de contexte /ProjetSousTitres
19 nov. 2012 17:47:58 org.apache.catalina.startup.HostConfig deployWAR
INFO: Déploiement de l'archive ProjetSousTitres.war de l'application web
19 nov. 2012 18:49:07 org.apache.coyote.AbstractProtocol pause
INFO: Pausing ProtocolHandler ["http-bio-8080"]
19 nov. 2012 18:49:08 org.apache.coyote.AbstractProtocol pause
INFO: Pausing ProtocolHandler ["ajp-bio-8009"]
19 nov. 2012 18:49:09 org.apache.catalina.core.StandardService stopInternal
INFO: Arrêt du service Catalina
19 nov. 2012 18:49:09 org.apache.coyote.AbstractProtocol stop
INFO: Stopping ProtocolHandler ["http-bio-8080"]
19 nov. 2012 18:49:09 org.apache.coyote.AbstractProtocol stop
INFO: Stopping ProtocolHandler ["ajp-bio-8009"]
19 nov. 2012 18:49:09 org.apache.coyote.AbstractProtocol destroy
INFO: Destroying ProtocolHandler ["http-bio-8080"]
19 nov. 2012 18:49:09 org.apache.coyote.AbstractProtocol destroy
INFO: Destroying ProtocolHandler ["ajp-bio-8009"]
