mai 02, 2015 9:46:46 AM org.apache.catalina.core.AprLifecycleListener init
INFOS: The APR based Apache Tomcat Native library which allows optimal performance in production environments was not found on the java.library.path: /usr/java/packages/lib/amd64:/usr/lib64:/lib64:/lib:/usr/lib
mai 02, 2015 9:46:48 AM org.apache.coyote.AbstractProtocol init
INFOS: Initializing ProtocolHandler ["http-bio-8080"]
mai 02, 2015 9:46:48 AM org.apache.coyote.AbstractProtocol init
INFOS: Initializing ProtocolHandler ["ajp-bio-8009"]
mai 02, 2015 9:46:48 AM org.apache.catalina.startup.Catalina load
INFOS: Initialization processed in 1942 ms
mai 02, 2015 9:46:48 AM org.apache.catalina.core.StandardService startInternal
INFOS: Démarrage du service Catalina
mai 02, 2015 9:46:48 AM org.apache.catalina.core.StandardEngine startInternal
INFOS: Starting Servlet Engine: Apache Tomcat/7.0.22
mai 02, 2015 9:46:48 AM org.apache.catalina.startup.HostConfig deployWAR
INFOS: Déploiement de l'archive ProjetSousTitres.war de l'application web
mai 02, 2015 9:46:49 AM org.apache.catalina.startup.HostConfig deployDirectory
INFOS: Déploiement du répertoire dev de l'application web
mai 02, 2015 9:46:49 AM org.apache.catalina.startup.HostConfig deployDirectory
INFOS: Déploiement du répertoire TestSub de l'application web
mai 02, 2015 9:46:49 AM org.apache.catalina.startup.HostConfig deployDirectory
INFOS: Déploiement du répertoire ROOT de l'application web
mai 02, 2015 9:46:49 AM org.apache.catalina.startup.HostConfig deployDirectory
INFOS: Déploiement du répertoire host-manager de l'application web
mai 02, 2015 9:46:50 AM org.apache.catalina.startup.HostConfig deployDirectory
INFOS: Déploiement du répertoire manager de l'application web
mai 02, 2015 9:46:50 AM org.apache.catalina.startup.HostConfig deployDirectory
INFOS: Déploiement du répertoire examples de l'application web
mai 02, 2015 9:46:50 AM org.apache.catalina.startup.HostConfig deployDirectory
INFOS: Déploiement du répertoire docs de l'application web
mai 02, 2015 9:46:50 AM org.apache.coyote.AbstractProtocol start
INFOS: Starting ProtocolHandler ["http-bio-8080"]
mai 02, 2015 9:46:50 AM org.apache.coyote.AbstractProtocol start
INFOS: Starting ProtocolHandler ["ajp-bio-8009"]
mai 02, 2015 9:46:50 AM org.apache.catalina.startup.Catalina start
INFOS: Server startup in 2234 ms
mai 02, 2015 10:59:21 AM org.apache.catalina.startup.HostConfig checkResources
INFOS: Repli (undeploy) de l'application web ayant pour chemin de contexte /TestSub
