31 janv. 2012 11:51:23 org.apache.catalina.core.AprLifecycleListener init
INFO: The APR based Apache Tomcat Native library which allows optimal performance in production environments was not found on the java.library.path: /usr/lib/jvm/java-6-openjdk/jre/lib/amd64/server:/usr/lib/jvm/java-6-openjdk/jre/lib/amd64:/usr/lib/jvm/java-6-openjdk/jre/../lib/amd64:/usr/java/packages/lib/amd64:/usr/lib/x86_64-linux-gnu/jni:/lib/x86_64-linux-gnu:/usr/lib/x86_64-linux-gnu:/usr/lib/jni:/lib:/usr/lib
31 janv. 2012 11:51:24 org.apache.coyote.AbstractProtocol init
INFO: Initializing ProtocolHandler ["http-bio-8080"]
31 janv. 2012 11:51:24 org.apache.coyote.AbstractProtocol init
INFO: Initializing ProtocolHandler ["ajp-bio-8009"]
31 janv. 2012 11:51:24 org.apache.catalina.startup.Catalina load
INFO: Initialization processed in 1483 ms
31 janv. 2012 11:51:24 org.apache.catalina.core.StandardService startInternal
INFO: Démarrage du service Catalina
31 janv. 2012 11:51:24 org.apache.catalina.core.StandardEngine startInternal
INFO: Starting Servlet Engine: Apache Tomcat/7.0.22
31 janv. 2012 11:51:24 org.apache.catalina.startup.HostConfig deployDirectory
INFO: Déploiement du répertoire docs de l'application web
31 janv. 2012 11:51:25 org.apache.catalina.startup.HostConfig deployDirectory
INFO: Déploiement du répertoire ROOT de l'application web
31 janv. 2012 11:51:25 org.apache.catalina.startup.HostConfig deployDirectory
INFO: Déploiement du répertoire dev de l'application web
31 janv. 2012 11:51:25 org.apache.catalina.startup.HostConfig deployDirectory
INFO: Déploiement du répertoire examples de l'application web
31 janv. 2012 11:51:25 org.apache.catalina.startup.HostConfig deployDirectory
INFO: Déploiement du répertoire host-manager de l'application web
31 janv. 2012 11:51:25 org.apache.catalina.startup.HostConfig deployDirectory
INFO: Déploiement du répertoire TP de l'application web
31 janv. 2012 11:51:25 org.apache.catalina.startup.HostConfig deployDirectory
INFO: Déploiement du répertoire manager de l'application web
31 janv. 2012 11:51:25 org.apache.coyote.AbstractProtocol start
INFO: Starting ProtocolHandler ["http-bio-8080"]
31 janv. 2012 11:51:25 org.apache.coyote.AbstractProtocol start
INFO: Starting ProtocolHandler ["ajp-bio-8009"]
31 janv. 2012 11:51:25 org.apache.catalina.startup.Catalina start
INFO: Server startup in 1710 ms
31 janv. 2012 14:05:52 org.apache.catalina.core.StandardServer await
INFO: A valid shutdown command was received via the shutdown port. Stopping the Server instance.
31 janv. 2012 14:05:52 org.apache.coyote.AbstractProtocol pause
INFO: Pausing ProtocolHandler ["http-bio-8080"]
31 janv. 2012 14:05:53 org.apache.coyote.AbstractProtocol pause
INFO: Pausing ProtocolHandler ["ajp-bio-8009"]
31 janv. 2012 14:05:54 org.apache.catalina.core.StandardService stopInternal
INFO: Arrêt du service Catalina
31 janv. 2012 14:05:54 org.apache.coyote.AbstractProtocol stop
INFO: Stopping ProtocolHandler ["http-bio-8080"]
31 janv. 2012 14:05:54 org.apache.coyote.AbstractProtocol stop
INFO: Stopping ProtocolHandler ["ajp-bio-8009"]
31 janv. 2012 14:05:54 org.apache.coyote.AbstractProtocol destroy
INFO: Destroying ProtocolHandler ["http-bio-8080"]
31 janv. 2012 14:05:54 org.apache.coyote.AbstractProtocol destroy
INFO: Destroying ProtocolHandler ["ajp-bio-8009"]
31 janv. 2012 14:05:57 org.apache.catalina.core.AprLifecycleListener init
INFO: The APR based Apache Tomcat Native library which allows optimal performance in production environments was not found on the java.library.path: /usr/lib/jvm/java-6-openjdk/jre/lib/amd64/server:/usr/lib/jvm/java-6-openjdk/jre/lib/amd64:/usr/lib/jvm/java-6-openjdk/jre/../lib/amd64:/usr/java/packages/lib/amd64:/usr/lib/x86_64-linux-gnu/jni:/lib/x86_64-linux-gnu:/usr/lib/x86_64-linux-gnu:/usr/lib/jni:/lib:/usr/lib
31 janv. 2012 14:05:57 org.apache.coyote.AbstractProtocol init
INFO: Initializing ProtocolHandler ["http-bio-8080"]
31 janv. 2012 14:05:57 org.apache.coyote.AbstractProtocol init
INFO: Initializing ProtocolHandler ["ajp-bio-8009"]
31 janv. 2012 14:05:57 org.apache.catalina.startup.Catalina load
INFO: Initialization processed in 519 ms
31 janv. 2012 14:05:57 org.apache.catalina.core.StandardService startInternal
INFO: Démarrage du service Catalina
31 janv. 2012 14:05:57 org.apache.catalina.core.StandardEngine startInternal
INFO: Starting Servlet Engine: Apache Tomcat/7.0.22
31 janv. 2012 14:05:57 org.apache.catalina.startup.HostConfig deployDirectory
INFO: Déploiement du répertoire docs de l'application web
31 janv. 2012 14:06:03 org.apache.catalina.util.SessionIdGenerator createSecureRandom
INFO: Creation of SecureRandom instance for session ID generation using [SHA1PRNG] took [4 954] milliseconds.
31 janv. 2012 14:06:03 org.apache.catalina.startup.HostConfig deployDirectory
INFO: Déploiement du répertoire ROOT de l'application web
31 janv. 2012 14:06:03 org.apache.catalina.startup.HostConfig deployDirectory
INFO: Déploiement du répertoire dev de l'application web
31 janv. 2012 14:06:03 org.apache.catalina.startup.HostConfig deployDirectory
INFO: Déploiement du répertoire examples de l'application web
31 janv. 2012 14:06:03 org.apache.catalina.startup.HostConfig deployDirectory
INFO: Déploiement du répertoire host-manager de l'application web
31 janv. 2012 14:06:03 org.apache.catalina.startup.HostConfig deployDirectory
INFO: Déploiement du répertoire TP de l'application web
31 janv. 2012 14:06:03 org.apache.catalina.startup.HostConfig deployDirectory
INFO: Déploiement du répertoire manager de l'application web
31 janv. 2012 14:06:03 org.apache.coyote.AbstractProtocol start
INFO: Starting ProtocolHandler ["http-bio-8080"]
31 janv. 2012 14:06:03 org.apache.coyote.AbstractProtocol start
INFO: Starting ProtocolHandler ["ajp-bio-8009"]
31 janv. 2012 14:06:03 org.apache.catalina.startup.Catalina start
INFO: Server startup in 5920 ms
31 janv. 2012 16:40:07 org.apache.catalina.core.StandardServer await
INFO: A valid shutdown command was received via the shutdown port. Stopping the Server instance.
31 janv. 2012 16:40:07 org.apache.coyote.AbstractProtocol pause
INFO: Pausing ProtocolHandler ["http-bio-8080"]
31 janv. 2012 16:40:08 org.apache.coyote.AbstractProtocol pause
INFO: Pausing ProtocolHandler ["ajp-bio-8009"]
31 janv. 2012 16:40:09 org.apache.catalina.core.StandardService stopInternal
INFO: Arrêt du service Catalina
31 janv. 2012 16:40:09 org.apache.coyote.AbstractProtocol stop
INFO: Stopping ProtocolHandler ["http-bio-8080"]
31 janv. 2012 16:40:09 org.apache.coyote.AbstractProtocol stop
INFO: Stopping ProtocolHandler ["ajp-bio-8009"]
31 janv. 2012 16:40:09 org.apache.coyote.AbstractProtocol destroy
INFO: Destroying ProtocolHandler ["http-bio-8080"]
31 janv. 2012 16:40:09 org.apache.coyote.AbstractProtocol destroy
INFO: Destroying ProtocolHandler ["ajp-bio-8009"]
