avr. 29, 2015 9:19:25 AM org.apache.catalina.core.AprLifecycleListener init
INFOS: The APR based Apache Tomcat Native library which allows optimal performance in production environments was not found on the java.library.path: /usr/java/packages/lib/amd64:/usr/lib64:/lib64:/lib:/usr/lib
avr. 29, 2015 9:19:27 AM org.apache.coyote.AbstractProtocol init
INFOS: Initializing ProtocolHandler ["http-bio-8080"]
avr. 29, 2015 9:19:27 AM org.apache.coyote.AbstractProtocol init
INFOS: Initializing ProtocolHandler ["ajp-bio-8009"]
avr. 29, 2015 9:19:27 AM org.apache.catalina.startup.Catalina load
INFOS: Initialization processed in 6489 ms
avr. 29, 2015 9:19:27 AM org.apache.catalina.core.StandardService startInternal
INFOS: Démarrage du service Catalina
avr. 29, 2015 9:19:27 AM org.apache.catalina.core.StandardEngine startInternal
INFOS: Starting Servlet Engine: Apache Tomcat/7.0.22
avr. 29, 2015 9:19:27 AM org.apache.catalina.startup.HostConfig deployWAR
INFOS: Déploiement de l'archive ProjetSousTitres.war de l'application web
avr. 29, 2015 9:19:28 AM org.apache.catalina.startup.HostConfig deployDirectory
INFOS: Déploiement du répertoire dev de l'application web
avr. 29, 2015 9:19:28 AM org.apache.catalina.startup.HostConfig deployDirectory
INFOS: Déploiement du répertoire TestSub de l'application web
avr. 29, 2015 9:19:29 AM org.apache.catalina.startup.HostConfig deployDirectory
INFOS: Déploiement du répertoire ROOT de l'application web
avr. 29, 2015 9:19:29 AM org.apache.catalina.startup.HostConfig deployDirectory
INFOS: Déploiement du répertoire host-manager de l'application web
avr. 29, 2015 9:19:29 AM org.apache.catalina.startup.HostConfig deployDirectory
INFOS: Déploiement du répertoire manager de l'application web
avr. 29, 2015 9:19:29 AM org.apache.catalina.startup.HostConfig deployDirectory
INFOS: Déploiement du répertoire examples de l'application web
avr. 29, 2015 9:19:29 AM org.apache.catalina.startup.HostConfig deployDirectory
INFOS: Déploiement du répertoire docs de l'application web
avr. 29, 2015 9:19:29 AM org.apache.coyote.AbstractProtocol start
INFOS: Starting ProtocolHandler ["http-bio-8080"]
avr. 29, 2015 9:19:29 AM org.apache.coyote.AbstractProtocol start
INFOS: Starting ProtocolHandler ["ajp-bio-8009"]
avr. 29, 2015 9:19:29 AM org.apache.catalina.startup.Catalina start
INFOS: Server startup in 2166 ms
avr. 29, 2015 10:14:36 PM org.apache.catalina.core.StandardServer await
INFOS: A valid shutdown command was received via the shutdown port. Stopping the Server instance.
avr. 29, 2015 10:14:36 PM org.apache.coyote.AbstractProtocol pause
INFOS: Pausing ProtocolHandler ["http-bio-8080"]
avr. 29, 2015 10:14:37 PM org.apache.coyote.AbstractProtocol pause
INFOS: Pausing ProtocolHandler ["ajp-bio-8009"]
avr. 29, 2015 10:14:38 PM org.apache.catalina.core.StandardService stopInternal
INFOS: Arrêt du service Catalina
avr. 29, 2015 10:14:38 PM org.apache.coyote.AbstractProtocol stop
INFOS: Stopping ProtocolHandler ["http-bio-8080"]
avr. 29, 2015 10:14:38 PM org.apache.coyote.AbstractProtocol stop
INFOS: Stopping ProtocolHandler ["ajp-bio-8009"]
avr. 29, 2015 10:14:38 PM org.apache.coyote.AbstractProtocol destroy
INFOS: Destroying ProtocolHandler ["http-bio-8080"]
avr. 29, 2015 10:14:38 PM org.apache.coyote.AbstractProtocol destroy
INFOS: Destroying ProtocolHandler ["ajp-bio-8009"]
