12 nov. 2012 17:02:23 org.apache.catalina.core.AprLifecycleListener init
INFO: The APR based Apache Tomcat Native library which allows optimal performance in production environments was not found on the java.library.path: /usr/lib/jvm/java-6-openjdk/jre/lib/amd64/server:/usr/lib/jvm/java-6-openjdk/jre/lib/amd64:/usr/lib/jvm/java-6-openjdk/jre/../lib/amd64:/usr/java/packages/lib/amd64:/usr/lib/jni:/lib:/usr/lib
12 nov. 2012 17:02:24 org.apache.coyote.AbstractProtocol init
INFO: Initializing ProtocolHandler ["http-bio-8080"]
12 nov. 2012 17:02:24 org.apache.coyote.AbstractProtocol init
INFO: Initializing ProtocolHandler ["ajp-bio-8009"]
12 nov. 2012 17:02:24 org.apache.catalina.startup.Catalina load
INFO: Initialization processed in 830 ms
12 nov. 2012 17:02:24 org.apache.catalina.core.StandardService startInternal
INFO: Démarrage du service Catalina
12 nov. 2012 17:02:24 org.apache.catalina.core.StandardEngine startInternal
INFO: Starting Servlet Engine: Apache Tomcat/7.0.22
12 nov. 2012 17:02:24 org.apache.catalina.startup.HostConfig deployDirectory
INFO: Déploiement du répertoire docs de l'application web
12 nov. 2012 17:02:24 org.apache.catalina.startup.HostConfig deployDirectory
INFO: Déploiement du répertoire ROOT de l'application web
12 nov. 2012 17:02:24 org.apache.catalina.startup.HostConfig deployDirectory
INFO: Déploiement du répertoire dev de l'application web
12 nov. 2012 17:02:24 org.apache.catalina.startup.HostConfig deployDirectory
INFO: Déploiement du répertoire examples de l'application web
12 nov. 2012 17:02:25 org.apache.catalina.startup.HostConfig deployDirectory
INFO: Déploiement du répertoire host-manager de l'application web
12 nov. 2012 17:02:25 org.apache.catalina.startup.HostConfig deployDirectory
INFO: Déploiement du répertoire TP de l'application web
12 nov. 2012 17:02:25 org.apache.catalina.startup.HostConfig deployDirectory
INFO: Déploiement du répertoire manager de l'application web
12 nov. 2012 17:02:25 org.apache.catalina.startup.HostConfig deployDirectory
INFO: Déploiement du répertoire SubMaker de l'application web
12 nov. 2012 17:02:25 org.apache.coyote.AbstractProtocol start
INFO: Starting ProtocolHandler ["http-bio-8080"]
12 nov. 2012 17:02:25 org.apache.coyote.AbstractProtocol start
INFO: Starting ProtocolHandler ["ajp-bio-8009"]
12 nov. 2012 17:02:25 org.apache.catalina.startup.Catalina start
INFO: Server startup in 1135 ms
12 nov. 2012 18:00:26 org.apache.coyote.AbstractProtocol pause
INFO: Pausing ProtocolHandler ["http-bio-8080"]
12 nov. 2012 18:00:27 org.apache.coyote.AbstractProtocol pause
INFO: Pausing ProtocolHandler ["ajp-bio-8009"]
12 nov. 2012 18:00:28 org.apache.catalina.core.StandardService stopInternal
INFO: Arrêt du service Catalina
12 nov. 2012 18:00:28 org.apache.coyote.AbstractProtocol stop
INFO: Stopping ProtocolHandler ["http-bio-8080"]
12 nov. 2012 18:00:28 org.apache.coyote.AbstractProtocol stop
INFO: Stopping ProtocolHandler ["ajp-bio-8009"]
12 nov. 2012 18:00:28 org.apache.coyote.AbstractProtocol destroy
INFO: Destroying ProtocolHandler ["http-bio-8080"]
12 nov. 2012 18:00:28 org.apache.coyote.AbstractProtocol destroy
INFO: Destroying ProtocolHandler ["ajp-bio-8009"]
