17 déc. 2012 16:44:59 org.apache.catalina.core.AprLifecycleListener init
INFO: The APR based Apache Tomcat Native library which allows optimal performance in production environments was not found on the java.library.path: /usr/lib/jvm/java-6-openjdk/jre/lib/amd64/server:/usr/lib/jvm/java-6-openjdk/jre/lib/amd64:/usr/lib/jvm/java-6-openjdk/jre/../lib/amd64:/usr/java/packages/lib/amd64:/usr/lib/jni:/lib:/usr/lib
17 déc. 2012 16:45:00 org.apache.coyote.AbstractProtocol init
INFO: Initializing ProtocolHandler ["http-bio-8080"]
17 déc. 2012 16:45:00 org.apache.coyote.AbstractProtocol init
INFO: Initializing ProtocolHandler ["ajp-bio-8009"]
17 déc. 2012 16:45:00 org.apache.catalina.startup.Catalina load
INFO: Initialization processed in 1421 ms
17 déc. 2012 16:45:00 org.apache.catalina.core.StandardService startInternal
INFO: Démarrage du service Catalina
17 déc. 2012 16:45:00 org.apache.catalina.core.StandardEngine startInternal
INFO: Starting Servlet Engine: Apache Tomcat/7.0.22
17 déc. 2012 16:45:00 org.apache.catalina.startup.HostConfig deployWAR
INFO: Déploiement de l'archive ProjetSousTitres.war de l'application web
17 déc. 2012 16:45:09 org.apache.catalina.util.SessionIdGenerator createSecureRandom
INFO: Creation of SecureRandom instance for session ID generation using [SHA1PRNG] took [8 592] milliseconds.
17 déc. 2012 16:45:09 org.apache.catalina.startup.HostConfig deployDirectory
INFO: Déploiement du répertoire docs de l'application web
17 déc. 2012 16:45:09 org.apache.catalina.startup.HostConfig deployDirectory
INFO: Déploiement du répertoire ROOT de l'application web
17 déc. 2012 16:45:09 org.apache.catalina.startup.HostConfig deployDirectory
INFO: Déploiement du répertoire dev de l'application web
17 déc. 2012 16:45:09 org.apache.catalina.startup.HostConfig deployDirectory
INFO: Déploiement du répertoire examples de l'application web
17 déc. 2012 16:45:10 org.apache.catalina.startup.HostConfig deployDirectory
INFO: Déploiement du répertoire host-manager de l'application web
17 déc. 2012 16:45:10 org.apache.catalina.startup.HostConfig deployDirectory
INFO: Déploiement du répertoire TP de l'application web
17 déc. 2012 16:45:10 org.apache.catalina.startup.HostConfig deployDirectory
INFO: Déploiement du répertoire manager de l'application web
17 déc. 2012 16:45:10 org.apache.catalina.startup.HostConfig deployDirectory
INFO: Déploiement du répertoire TestSub de l'application web
17 déc. 2012 16:45:10 org.apache.catalina.startup.HostConfig deployDirectory
INFO: Déploiement du répertoire SubMaker de l'application web
17 déc. 2012 16:45:10 org.apache.catalina.startup.HostConfig deployDirectory
INFO: Déploiement du répertoire Gabriel de l'application web
17 déc. 2012 16:45:10 org.apache.coyote.AbstractProtocol start
INFO: Starting ProtocolHandler ["http-bio-8080"]
17 déc. 2012 16:45:10 org.apache.coyote.AbstractProtocol start
INFO: Starting ProtocolHandler ["ajp-bio-8009"]
17 déc. 2012 16:45:10 org.apache.catalina.startup.Catalina start
INFO: Server startup in 10083 ms
17 déc. 2012 16:54:30 org.apache.catalina.core.StandardServer await
INFO: A valid shutdown command was received via the shutdown port. Stopping the Server instance.
17 déc. 2012 16:54:30 org.apache.coyote.AbstractProtocol pause
INFO: Pausing ProtocolHandler ["http-bio-8080"]
17 déc. 2012 16:54:31 org.apache.coyote.AbstractProtocol pause
INFO: Pausing ProtocolHandler ["ajp-bio-8009"]
17 déc. 2012 16:54:32 org.apache.catalina.core.StandardService stopInternal
INFO: Arrêt du service Catalina
17 déc. 2012 16:54:32 org.apache.coyote.AbstractProtocol stop
INFO: Stopping ProtocolHandler ["http-bio-8080"]
17 déc. 2012 16:54:32 org.apache.coyote.AbstractProtocol stop
INFO: Stopping ProtocolHandler ["ajp-bio-8009"]
17 déc. 2012 16:54:32 org.apache.coyote.AbstractProtocol destroy
INFO: Destroying ProtocolHandler ["http-bio-8080"]
17 déc. 2012 16:54:32 org.apache.coyote.AbstractProtocol destroy
INFO: Destroying ProtocolHandler ["ajp-bio-8009"]
17 déc. 2012 17:02:04 org.apache.catalina.core.AprLifecycleListener init
INFO: The APR based Apache Tomcat Native library which allows optimal performance in production environments was not found on the java.library.path: /usr/lib/jvm/java-6-openjdk/jre/lib/amd64/server:/usr/lib/jvm/java-6-openjdk/jre/lib/amd64:/usr/lib/jvm/java-6-openjdk/jre/../lib/amd64:/usr/java/packages/lib/amd64:/usr/lib/jni:/lib:/usr/lib
17 déc. 2012 17:02:04 org.apache.coyote.AbstractProtocol init
INFO: Initializing ProtocolHandler ["http-bio-8080"]
17 déc. 2012 17:02:04 org.apache.coyote.AbstractProtocol init
INFO: Initializing ProtocolHandler ["ajp-bio-8009"]
17 déc. 2012 17:02:04 org.apache.catalina.startup.Catalina load
INFO: Initialization processed in 589 ms
17 déc. 2012 17:02:04 org.apache.catalina.core.StandardService startInternal
INFO: Démarrage du service Catalina
17 déc. 2012 17:02:04 org.apache.catalina.core.StandardEngine startInternal
INFO: Starting Servlet Engine: Apache Tomcat/7.0.22
17 déc. 2012 17:02:04 org.apache.catalina.startup.HostConfig deployWAR
INFO: Déploiement de l'archive ProjetSousTitres.war de l'application web
17 déc. 2012 17:02:04 org.apache.catalina.startup.HostConfig deployDirectory
INFO: Déploiement du répertoire docs de l'application web
17 déc. 2012 17:02:04 org.apache.catalina.startup.HostConfig deployDirectory
INFO: Déploiement du répertoire ROOT de l'application web
17 déc. 2012 17:02:04 org.apache.catalina.startup.HostConfig deployDirectory
INFO: Déploiement du répertoire dev de l'application web
17 déc. 2012 17:02:05 org.apache.catalina.startup.HostConfig deployDirectory
INFO: Déploiement du répertoire examples de l'application web
17 déc. 2012 17:02:05 org.apache.catalina.startup.HostConfig deployDirectory
INFO: Déploiement du répertoire host-manager de l'application web
17 déc. 2012 17:02:05 org.apache.catalina.startup.HostConfig deployDirectory
INFO: Déploiement du répertoire TP de l'application web
17 déc. 2012 17:02:05 org.apache.catalina.startup.HostConfig deployDirectory
INFO: Déploiement du répertoire manager de l'application web
17 déc. 2012 17:02:05 org.apache.catalina.startup.HostConfig deployDirectory
INFO: Déploiement du répertoire TestSub de l'application web
17 déc. 2012 17:02:05 org.apache.catalina.startup.HostConfig deployDirectory
INFO: Déploiement du répertoire SubMaker de l'application web
17 déc. 2012 17:02:05 org.apache.catalina.startup.HostConfig deployDirectory
INFO: Déploiement du répertoire Gabriel de l'application web
17 déc. 2012 17:02:05 org.apache.coyote.AbstractProtocol start
INFO: Starting ProtocolHandler ["http-bio-8080"]
17 déc. 2012 17:02:05 org.apache.coyote.AbstractProtocol start
INFO: Starting ProtocolHandler ["ajp-bio-8009"]
17 déc. 2012 17:02:05 org.apache.catalina.startup.Catalina start
INFO: Server startup in 1022 ms
17 déc. 2012 18:01:40 org.apache.coyote.AbstractProtocol pause
INFO: Pausing ProtocolHandler ["http-bio-8080"]
17 déc. 2012 18:01:41 org.apache.coyote.AbstractProtocol pause
INFO: Pausing ProtocolHandler ["ajp-bio-8009"]
17 déc. 2012 18:01:42 org.apache.catalina.core.StandardService stopInternal
INFO: Arrêt du service Catalina
17 déc. 2012 18:01:42 org.apache.coyote.AbstractProtocol stop
INFO: Stopping ProtocolHandler ["http-bio-8080"]
17 déc. 2012 18:01:42 org.apache.coyote.AbstractProtocol stop
INFO: Stopping ProtocolHandler ["ajp-bio-8009"]
17 déc. 2012 18:01:42 org.apache.coyote.AbstractProtocol destroy
INFO: Destroying ProtocolHandler ["http-bio-8080"]
17 déc. 2012 18:01:42 org.apache.coyote.AbstractProtocol destroy
INFO: Destroying ProtocolHandler ["ajp-bio-8009"]
