mai 05, 2015 2:39:28 PM org.apache.catalina.core.AprLifecycleListener init
INFOS: The APR based Apache Tomcat Native library which allows optimal performance in production environments was not found on the java.library.path: C:\Program Files\Java\jre1.8.0_45\bin;C:\Windows\Sun\Java\bin;C:\Windows\system32;C:\Windows;C:\ProgramData\Oracle\Java\javapath;C:\Program Files (x86)\NVIDIA Corporation\PhysX\Common;C:\Qt\Tools\mingw48_32\bin;C:\Qt\5.2.0\mingw48_32\bin;C:\Libraries\cxxtest-4.3;C:\Python33\;c:\Program Files (x86)\Intel\iCLS Client\;c:\Program Files\Intel\iCLS Client\;C:\Windows\system32;C:\Windows;C:\Windows\System32\Wbem;C:\Windows\System32\WindowsPowerShell\v1.0\;C:\Program Files\Intel\Intel(R) Management Engine Components\DAL;C:\Program Files\Intel\Intel(R) Management Engine Components\IPT;C:\Program Files (x86)\Intel\Intel(R) Management Engine Components\DAL;C:\Program Files (x86)\Intel\Intel(R) Management Engine Components\IPT;C:\Program Files (x86)\GnuWin32\bin;C:\Program Files (x86)\Calibre2\;C:\Program Files (x86)\Skype\Phone\;C:\MinGW\bin;C:\Users\Thibaut\MiKTeX 2.9\miktex\bin\;C:\Program Files (x86)\MiKTeX 2.9\miktex\bin\;.
mai 05, 2015 2:39:28 PM org.apache.coyote.AbstractProtocol init
INFOS: Initializing ProtocolHandler ["http-bio-8080"]
mai 05, 2015 2:39:28 PM org.apache.coyote.AbstractProtocol init
GRAVE: Failed to initialize end point associated with ProtocolHandler ["http-bio-8080"]
java.net.BindException: Address already in use: JVM_Bind <null>:8080
	at org.apache.tomcat.util.net.JIoEndpoint.bind(JIoEndpoint.java:386)
	at org.apache.tomcat.util.net.AbstractEndpoint.init(AbstractEndpoint.java:498)
	at org.apache.coyote.AbstractProtocol.init(AbstractProtocol.java:369)
	at org.apache.coyote.http11.AbstractHttp11JsseProtocol.init(AbstractHttp11JsseProtocol.java:119)
	at org.apache.catalina.connector.Connector.initInternal(Connector.java:909)
	at org.apache.catalina.util.LifecycleBase.init(LifecycleBase.java:102)
	at org.apache.catalina.core.StandardService.initInternal(StandardService.java:559)
	at org.apache.catalina.util.LifecycleBase.init(LifecycleBase.java:102)
	at org.apache.catalina.core.StandardServer.initInternal(StandardServer.java:781)
	at org.apache.catalina.util.LifecycleBase.init(LifecycleBase.java:102)
	at org.apache.catalina.startup.Catalina.load(Catalina.java:573)
	at org.apache.catalina.startup.Catalina.load(Catalina.java:596)
	at sun.reflect.NativeMethodAccessorImpl.invoke0(Native Method)
	at sun.reflect.NativeMethodAccessorImpl.invoke(Unknown Source)
	at sun.reflect.DelegatingMethodAccessorImpl.invoke(Unknown Source)
	at java.lang.reflect.Method.invoke(Unknown Source)
	at org.apache.catalina.startup.Bootstrap.load(Bootstrap.java:281)
	at org.apache.catalina.startup.Bootstrap.main(Bootstrap.java:449)
Caused by: java.net.BindException: Address already in use: JVM_Bind
	at java.net.DualStackPlainSocketImpl.bind0(Native Method)
	at java.net.DualStackPlainSocketImpl.socketBind(Unknown Source)
	at java.net.AbstractPlainSocketImpl.bind(Unknown Source)
	at java.net.PlainSocketImpl.bind(Unknown Source)
	at java.net.ServerSocket.bind(Unknown Source)
	at java.net.ServerSocket.<init>(Unknown Source)
	at java.net.ServerSocket.<init>(Unknown Source)
	at org.apache.tomcat.util.net.DefaultServerSocketFactory.createSocket(DefaultServerSocketFactory.java:48)
	at org.apache.tomcat.util.net.JIoEndpoint.bind(JIoEndpoint.java:373)
	... 17 more

mai 05, 2015 2:39:28 PM org.apache.catalina.core.StandardService initInternal
GRAVE: Failed to initialize connector [Connector[HTTP/1.1-8080]]
org.apache.catalina.LifecycleException: Failed to initialize component [Connector[HTTP/1.1-8080]]
	at org.apache.catalina.util.LifecycleBase.init(LifecycleBase.java:106)
	at org.apache.catalina.core.StandardService.initInternal(StandardService.java:559)
	at org.apache.catalina.util.LifecycleBase.init(LifecycleBase.java:102)
	at org.apache.catalina.core.StandardServer.initInternal(StandardServer.java:781)
	at org.apache.catalina.util.LifecycleBase.init(LifecycleBase.java:102)
	at org.apache.catalina.startup.Catalina.load(Catalina.java:573)
	at org.apache.catalina.startup.Catalina.load(Catalina.java:596)
	at sun.reflect.NativeMethodAccessorImpl.invoke0(Native Method)
	at sun.reflect.NativeMethodAccessorImpl.invoke(Unknown Source)
	at sun.reflect.DelegatingMethodAccessorImpl.invoke(Unknown Source)
	at java.lang.reflect.Method.invoke(Unknown Source)
	at org.apache.catalina.startup.Bootstrap.load(Bootstrap.java:281)
	at org.apache.catalina.startup.Bootstrap.main(Bootstrap.java:449)
Caused by: org.apache.catalina.LifecycleException: L''initialisation du gestionnaire de protocole a échoué
	at org.apache.catalina.connector.Connector.initInternal(Connector.java:911)
	at org.apache.catalina.util.LifecycleBase.init(LifecycleBase.java:102)
	... 12 more
Caused by: java.net.BindException: Address already in use: JVM_Bind <null>:8080
	at org.apache.tomcat.util.net.JIoEndpoint.bind(JIoEndpoint.java:386)
	at org.apache.tomcat.util.net.AbstractEndpoint.init(AbstractEndpoint.java:498)
	at org.apache.coyote.AbstractProtocol.init(AbstractProtocol.java:369)
	at org.apache.coyote.http11.AbstractHttp11JsseProtocol.init(AbstractHttp11JsseProtocol.java:119)
	at org.apache.catalina.connector.Connector.initInternal(Connector.java:909)
	... 13 more
Caused by: java.net.BindException: Address already in use: JVM_Bind
	at java.net.DualStackPlainSocketImpl.bind0(Native Method)
	at java.net.DualStackPlainSocketImpl.socketBind(Unknown Source)
	at java.net.AbstractPlainSocketImpl.bind(Unknown Source)
	at java.net.PlainSocketImpl.bind(Unknown Source)
	at java.net.ServerSocket.bind(Unknown Source)
	at java.net.ServerSocket.<init>(Unknown Source)
	at java.net.ServerSocket.<init>(Unknown Source)
	at org.apache.tomcat.util.net.DefaultServerSocketFactory.createSocket(DefaultServerSocketFactory.java:48)
	at org.apache.tomcat.util.net.JIoEndpoint.bind(JIoEndpoint.java:373)
	... 17 more

mai 05, 2015 2:39:28 PM org.apache.coyote.AbstractProtocol init
INFOS: Initializing ProtocolHandler ["ajp-bio-8009"]
mai 05, 2015 2:39:28 PM org.apache.coyote.AbstractProtocol init
GRAVE: Failed to initialize end point associated with ProtocolHandler ["ajp-bio-8009"]
java.net.BindException: Address already in use: JVM_Bind <null>:8009
	at org.apache.tomcat.util.net.JIoEndpoint.bind(JIoEndpoint.java:386)
	at org.apache.tomcat.util.net.AbstractEndpoint.init(AbstractEndpoint.java:498)
	at org.apache.coyote.AbstractProtocol.init(AbstractProtocol.java:369)
	at org.apache.catalina.connector.Connector.initInternal(Connector.java:909)
	at org.apache.catalina.util.LifecycleBase.init(LifecycleBase.java:102)
	at org.apache.catalina.core.StandardService.initInternal(StandardService.java:559)
	at org.apache.catalina.util.LifecycleBase.init(LifecycleBase.java:102)
	at org.apache.catalina.core.StandardServer.initInternal(StandardServer.java:781)
	at org.apache.catalina.util.LifecycleBase.init(LifecycleBase.java:102)
	at org.apache.catalina.startup.Catalina.load(Catalina.java:573)
	at org.apache.catalina.startup.Catalina.load(Catalina.java:596)
	at sun.reflect.NativeMethodAccessorImpl.invoke0(Native Method)
	at sun.reflect.NativeMethodAccessorImpl.invoke(Unknown Source)
	at sun.reflect.DelegatingMethodAccessorImpl.invoke(Unknown Source)
	at java.lang.reflect.Method.invoke(Unknown Source)
	at org.apache.catalina.startup.Bootstrap.load(Bootstrap.java:281)
	at org.apache.catalina.startup.Bootstrap.main(Bootstrap.java:449)
Caused by: java.net.BindException: Address already in use: JVM_Bind
	at java.net.DualStackPlainSocketImpl.bind0(Native Method)
	at java.net.DualStackPlainSocketImpl.socketBind(Unknown Source)
	at java.net.AbstractPlainSocketImpl.bind(Unknown Source)
	at java.net.PlainSocketImpl.bind(Unknown Source)
	at java.net.ServerSocket.bind(Unknown Source)
	at java.net.ServerSocket.<init>(Unknown Source)
	at java.net.ServerSocket.<init>(Unknown Source)
	at org.apache.tomcat.util.net.DefaultServerSocketFactory.createSocket(DefaultServerSocketFactory.java:48)
	at org.apache.tomcat.util.net.JIoEndpoint.bind(JIoEndpoint.java:373)
	... 16 more

mai 05, 2015 2:39:28 PM org.apache.catalina.core.StandardService initInternal
GRAVE: Failed to initialize connector [Connector[AJP/1.3-8009]]
org.apache.catalina.LifecycleException: Failed to initialize component [Connector[AJP/1.3-8009]]
	at org.apache.catalina.util.LifecycleBase.init(LifecycleBase.java:106)
	at org.apache.catalina.core.StandardService.initInternal(StandardService.java:559)
	at org.apache.catalina.util.LifecycleBase.init(LifecycleBase.java:102)
	at org.apache.catalina.core.StandardServer.initInternal(StandardServer.java:781)
	at org.apache.catalina.util.LifecycleBase.init(LifecycleBase.java:102)
	at org.apache.catalina.startup.Catalina.load(Catalina.java:573)
	at org.apache.catalina.startup.Catalina.load(Catalina.java:596)
	at sun.reflect.NativeMethodAccessorImpl.invoke0(Native Method)
	at sun.reflect.NativeMethodAccessorImpl.invoke(Unknown Source)
	at sun.reflect.DelegatingMethodAccessorImpl.invoke(Unknown Source)
	at java.lang.reflect.Method.invoke(Unknown Source)
	at org.apache.catalina.startup.Bootstrap.load(Bootstrap.java:281)
	at org.apache.catalina.startup.Bootstrap.main(Bootstrap.java:449)
Caused by: org.apache.catalina.LifecycleException: L''initialisation du gestionnaire de protocole a échoué
	at org.apache.catalina.connector.Connector.initInternal(Connector.java:911)
	at org.apache.catalina.util.LifecycleBase.init(LifecycleBase.java:102)
	... 12 more
Caused by: java.net.BindException: Address already in use: JVM_Bind <null>:8009
	at org.apache.tomcat.util.net.JIoEndpoint.bind(JIoEndpoint.java:386)
	at org.apache.tomcat.util.net.AbstractEndpoint.init(AbstractEndpoint.java:498)
	at org.apache.coyote.AbstractProtocol.init(AbstractProtocol.java:369)
	at org.apache.catalina.connector.Connector.initInternal(Connector.java:909)
	... 13 more
Caused by: java.net.BindException: Address already in use: JVM_Bind
	at java.net.DualStackPlainSocketImpl.bind0(Native Method)
	at java.net.DualStackPlainSocketImpl.socketBind(Unknown Source)
	at java.net.AbstractPlainSocketImpl.bind(Unknown Source)
	at java.net.PlainSocketImpl.bind(Unknown Source)
	at java.net.ServerSocket.bind(Unknown Source)
	at java.net.ServerSocket.<init>(Unknown Source)
	at java.net.ServerSocket.<init>(Unknown Source)
	at org.apache.tomcat.util.net.DefaultServerSocketFactory.createSocket(DefaultServerSocketFactory.java:48)
	at org.apache.tomcat.util.net.JIoEndpoint.bind(JIoEndpoint.java:373)
	... 16 more

mai 05, 2015 2:39:28 PM org.apache.catalina.startup.Catalina load
INFOS: Initialization processed in 435 ms
mai 05, 2015 2:39:28 PM org.apache.catalina.core.StandardService startInternal
INFOS: Démarrage du service Catalina
mai 05, 2015 2:39:28 PM org.apache.catalina.core.StandardEngine startInternal
INFOS: Starting Servlet Engine: Apache Tomcat/7.0.22
mai 05, 2015 2:39:28 PM org.apache.catalina.startup.HostConfig deployWAR
INFOS: Déploiement de l'archive ProjetSousTitres.war de l'application web
mai 05, 2015 2:39:29 PM org.apache.catalina.util.SessionIdGenerator createSecureRandom
INFOS: Creation of SecureRandom instance for session ID generation using [SHA1PRNG] took [117] milliseconds.
mai 05, 2015 2:39:29 PM org.apache.catalina.startup.HostConfig deployDirectory
INFOS: Déploiement du répertoire dev de l'application web
mai 05, 2015 2:39:29 PM org.apache.catalina.core.ContainerBase addChildInternal
GRAVE: ContainerBase.addChild: start: 
org.apache.catalina.LifecycleException: Failed to start component [StandardEngine[Catalina].StandardHost[localhost].StandardContext[/dev]]
	at org.apache.catalina.util.LifecycleBase.start(LifecycleBase.java:152)
	at org.apache.catalina.core.ContainerBase.addChildInternal(ContainerBase.java:812)
	at org.apache.catalina.core.ContainerBase.addChild(ContainerBase.java:787)
	at org.apache.catalina.core.StandardHost.addChild(StandardHost.java:607)
	at org.apache.catalina.startup.HostConfig.deployDirectory(HostConfig.java:1055)
	at org.apache.catalina.startup.HostConfig.deployDirectories(HostConfig.java:978)
	at org.apache.catalina.startup.HostConfig.deployApps(HostConfig.java:472)
	at org.apache.catalina.startup.HostConfig.start(HostConfig.java:1329)
	at org.apache.catalina.startup.HostConfig.lifecycleEvent(HostConfig.java:311)
	at org.apache.catalina.util.LifecycleSupport.fireLifecycleEvent(LifecycleSupport.java:119)
	at org.apache.catalina.util.LifecycleBase.fireLifecycleEvent(LifecycleBase.java:90)
	at org.apache.catalina.util.LifecycleBase.setStateInternal(LifecycleBase.java:389)
	at org.apache.catalina.util.LifecycleBase.setState(LifecycleBase.java:334)
	at org.apache.catalina.core.ContainerBase.startInternal(ContainerBase.java:1041)
	at org.apache.catalina.core.StandardHost.startInternal(StandardHost.java:774)
	at org.apache.catalina.util.LifecycleBase.start(LifecycleBase.java:148)
	at org.apache.catalina.core.ContainerBase.startInternal(ContainerBase.java:1033)
	at org.apache.catalina.core.StandardEngine.startInternal(StandardEngine.java:291)
	at org.apache.catalina.util.LifecycleBase.start(LifecycleBase.java:148)
	at org.apache.catalina.core.StandardService.startInternal(StandardService.java:443)
	at org.apache.catalina.util.LifecycleBase.start(LifecycleBase.java:148)
	at org.apache.catalina.core.StandardServer.startInternal(StandardServer.java:727)
	at org.apache.catalina.util.LifecycleBase.start(LifecycleBase.java:148)
	at org.apache.catalina.startup.Catalina.start(Catalina.java:621)
	at sun.reflect.NativeMethodAccessorImpl.invoke0(Native Method)
	at sun.reflect.NativeMethodAccessorImpl.invoke(Unknown Source)
	at sun.reflect.DelegatingMethodAccessorImpl.invoke(Unknown Source)
	at java.lang.reflect.Method.invoke(Unknown Source)
	at org.apache.catalina.startup.Bootstrap.start(Bootstrap.java:322)
	at org.apache.catalina.startup.Bootstrap.main(Bootstrap.java:450)
Caused by: org.apache.tomcat.util.bcel.classfile.ClassFormatException: Invalid byte tag in constant pool: 15
	at org.apache.tomcat.util.bcel.classfile.Constant.readConstant(Constant.java:131)
	at org.apache.tomcat.util.bcel.classfile.ConstantPool.<init>(ConstantPool.java:60)
	at org.apache.tomcat.util.bcel.classfile.ClassParser.readConstantPool(ClassParser.java:209)
	at org.apache.tomcat.util.bcel.classfile.ClassParser.parse(ClassParser.java:119)
	at org.apache.catalina.startup.ContextConfig.processAnnotationsStream(ContextConfig.java:1967)
	at org.apache.catalina.startup.ContextConfig.processAnnotationsJar(ContextConfig.java:1858)
	at org.apache.catalina.startup.ContextConfig.processAnnotationsUrl(ContextConfig.java:1826)
	at org.apache.catalina.startup.ContextConfig.processAnnotations(ContextConfig.java:1812)
	at org.apache.catalina.startup.ContextConfig.webConfig(ContextConfig.java:1306)
	at org.apache.catalina.startup.ContextConfig.configureStart(ContextConfig.java:896)
	at org.apache.catalina.startup.ContextConfig.lifecycleEvent(ContextConfig.java:322)
	at org.apache.catalina.util.LifecycleSupport.fireLifecycleEvent(LifecycleSupport.java:119)
	at org.apache.catalina.util.LifecycleBase.fireLifecycleEvent(LifecycleBase.java:90)
	at org.apache.catalina.core.StandardContext.startInternal(StandardContext.java:5103)
	at org.apache.catalina.util.LifecycleBase.start(LifecycleBase.java:148)
	... 29 more

mai 05, 2015 2:39:29 PM org.apache.catalina.startup.HostConfig deployDirectory
GRAVE: Erreur lors du déploiement du répertoire dev de l'application web
java.lang.IllegalStateException: ContainerBase.addChild: start: org.apache.catalina.LifecycleException: Failed to start component [StandardEngine[Catalina].StandardHost[localhost].StandardContext[/dev]]
	at org.apache.catalina.core.ContainerBase.addChildInternal(ContainerBase.java:816)
	at org.apache.catalina.core.ContainerBase.addChild(ContainerBase.java:787)
	at org.apache.catalina.core.StandardHost.addChild(StandardHost.java:607)
	at org.apache.catalina.startup.HostConfig.deployDirectory(HostConfig.java:1055)
	at org.apache.catalina.startup.HostConfig.deployDirectories(HostConfig.java:978)
	at org.apache.catalina.startup.HostConfig.deployApps(HostConfig.java:472)
	at org.apache.catalina.startup.HostConfig.start(HostConfig.java:1329)
	at org.apache.catalina.startup.HostConfig.lifecycleEvent(HostConfig.java:311)
	at org.apache.catalina.util.LifecycleSupport.fireLifecycleEvent(LifecycleSupport.java:119)
	at org.apache.catalina.util.LifecycleBase.fireLifecycleEvent(LifecycleBase.java:90)
	at org.apache.catalina.util.LifecycleBase.setStateInternal(LifecycleBase.java:389)
	at org.apache.catalina.util.LifecycleBase.setState(LifecycleBase.java:334)
	at org.apache.catalina.core.ContainerBase.startInternal(ContainerBase.java:1041)
	at org.apache.catalina.core.StandardHost.startInternal(StandardHost.java:774)
	at org.apache.catalina.util.LifecycleBase.start(LifecycleBase.java:148)
	at org.apache.catalina.core.ContainerBase.startInternal(ContainerBase.java:1033)
	at org.apache.catalina.core.StandardEngine.startInternal(StandardEngine.java:291)
	at org.apache.catalina.util.LifecycleBase.start(LifecycleBase.java:148)
	at org.apache.catalina.core.StandardService.startInternal(StandardService.java:443)
	at org.apache.catalina.util.LifecycleBase.start(LifecycleBase.java:148)
	at org.apache.catalina.core.StandardServer.startInternal(StandardServer.java:727)
	at org.apache.catalina.util.LifecycleBase.start(LifecycleBase.java:148)
	at org.apache.catalina.startup.Catalina.start(Catalina.java:621)
	at sun.reflect.NativeMethodAccessorImpl.invoke0(Native Method)
	at sun.reflect.NativeMethodAccessorImpl.invoke(Unknown Source)
	at sun.reflect.DelegatingMethodAccessorImpl.invoke(Unknown Source)
	at java.lang.reflect.Method.invoke(Unknown Source)
	at org.apache.catalina.startup.Bootstrap.start(Bootstrap.java:322)
	at org.apache.catalina.startup.Bootstrap.main(Bootstrap.java:450)

mai 05, 2015 2:39:29 PM org.apache.catalina.startup.HostConfig deployDirectory
INFOS: Déploiement du répertoire docs de l'application web
mai 05, 2015 2:39:29 PM org.apache.catalina.startup.HostConfig deployDirectory
INFOS: Déploiement du répertoire examples de l'application web
mai 05, 2015 2:39:29 PM org.apache.catalina.startup.HostConfig deployDirectory
INFOS: Déploiement du répertoire host-manager de l'application web
mai 05, 2015 2:39:29 PM org.apache.catalina.startup.HostConfig deployDirectory
INFOS: Déploiement du répertoire manager de l'application web
mai 05, 2015 2:39:29 PM org.apache.catalina.startup.HostConfig deployDirectory
INFOS: Déploiement du répertoire ROOT de l'application web
mai 05, 2015 2:39:30 PM org.apache.catalina.startup.Catalina start
INFOS: Server startup in 1187 ms
mai 05, 2015 2:39:30 PM org.apache.catalina.core.StandardServer await
GRAVE: StandardServer.await: create[localhost:8005]: 
java.net.BindException: Address already in use: JVM_Bind
	at java.net.DualStackPlainSocketImpl.bind0(Native Method)
	at java.net.DualStackPlainSocketImpl.socketBind(Unknown Source)
	at java.net.AbstractPlainSocketImpl.bind(Unknown Source)
	at java.net.PlainSocketImpl.bind(Unknown Source)
	at java.net.ServerSocket.bind(Unknown Source)
	at java.net.ServerSocket.<init>(Unknown Source)
	at org.apache.catalina.core.StandardServer.await(StandardServer.java:422)
	at org.apache.catalina.startup.Catalina.await(Catalina.java:709)
	at org.apache.catalina.startup.Catalina.start(Catalina.java:654)
	at sun.reflect.NativeMethodAccessorImpl.invoke0(Native Method)
	at sun.reflect.NativeMethodAccessorImpl.invoke(Unknown Source)
	at sun.reflect.DelegatingMethodAccessorImpl.invoke(Unknown Source)
	at java.lang.reflect.Method.invoke(Unknown Source)
	at org.apache.catalina.startup.Bootstrap.start(Bootstrap.java:322)
	at org.apache.catalina.startup.Bootstrap.main(Bootstrap.java:450)

mai 05, 2015 2:39:30 PM org.apache.coyote.AbstractProtocol pause
INFOS: Pausing ProtocolHandler ["http-bio-8080"]
mai 05, 2015 2:39:30 PM org.apache.coyote.AbstractProtocol pause
INFOS: Pausing ProtocolHandler ["ajp-bio-8009"]
mai 05, 2015 2:39:30 PM org.apache.catalina.core.StandardService stopInternal
INFOS: Arrêt du service Catalina
mai 05, 2015 2:39:30 PM org.apache.coyote.AbstractProtocol destroy
INFOS: Destroying ProtocolHandler ["http-bio-8080"]
mai 05, 2015 2:39:30 PM org.apache.coyote.AbstractProtocol destroy
INFOS: Destroying ProtocolHandler ["ajp-bio-8009"]
mai 05, 2015 2:39:39 PM org.apache.catalina.core.AprLifecycleListener init
INFOS: The APR based Apache Tomcat Native library which allows optimal performance in production environments was not found on the java.library.path: C:\Program Files\Java\jre1.8.0_45\bin;C:\Windows\Sun\Java\bin;C:\Windows\system32;C:\Windows;C:\ProgramData\Oracle\Java\javapath;C:\Program Files (x86)\NVIDIA Corporation\PhysX\Common;C:\Qt\Tools\mingw48_32\bin;C:\Qt\5.2.0\mingw48_32\bin;C:\Libraries\cxxtest-4.3;C:\Python33\;c:\Program Files (x86)\Intel\iCLS Client\;c:\Program Files\Intel\iCLS Client\;C:\Windows\system32;C:\Windows;C:\Windows\System32\Wbem;C:\Windows\System32\WindowsPowerShell\v1.0\;C:\Program Files\Intel\Intel(R) Management Engine Components\DAL;C:\Program Files\Intel\Intel(R) Management Engine Components\IPT;C:\Program Files (x86)\Intel\Intel(R) Management Engine Components\DAL;C:\Program Files (x86)\Intel\Intel(R) Management Engine Components\IPT;C:\Program Files (x86)\GnuWin32\bin;C:\Program Files (x86)\Calibre2\;C:\Program Files (x86)\Skype\Phone\;C:\MinGW\bin;C:\Users\Thibaut\MiKTeX 2.9\miktex\bin\;C:\Program Files (x86)\MiKTeX 2.9\miktex\bin\;.
mai 05, 2015 2:39:39 PM org.apache.coyote.AbstractProtocol init
INFOS: Initializing ProtocolHandler ["http-bio-8080"]
mai 05, 2015 2:39:39 PM org.apache.coyote.AbstractProtocol init
INFOS: Initializing ProtocolHandler ["ajp-bio-8009"]
mai 05, 2015 2:39:39 PM org.apache.catalina.startup.Catalina load
INFOS: Initialization processed in 397 ms
mai 05, 2015 2:39:39 PM org.apache.catalina.core.StandardService startInternal
INFOS: Démarrage du service Catalina
mai 05, 2015 2:39:39 PM org.apache.catalina.core.StandardEngine startInternal
INFOS: Starting Servlet Engine: Apache Tomcat/7.0.22
mai 05, 2015 2:39:39 PM org.apache.catalina.startup.HostConfig deployWAR
INFOS: Déploiement de l'archive ProjetSousTitres.war de l'application web
mai 05, 2015 2:39:40 PM org.apache.catalina.util.SessionIdGenerator createSecureRandom
INFOS: Creation of SecureRandom instance for session ID generation using [SHA1PRNG] took [113] milliseconds.
mai 05, 2015 2:39:40 PM org.apache.catalina.startup.HostConfig deployDirectory
INFOS: Déploiement du répertoire dev de l'application web
mai 05, 2015 2:39:40 PM org.apache.catalina.core.ContainerBase addChildInternal
GRAVE: ContainerBase.addChild: start: 
org.apache.catalina.LifecycleException: Failed to start component [StandardEngine[Catalina].StandardHost[localhost].StandardContext[/dev]]
	at org.apache.catalina.util.LifecycleBase.start(LifecycleBase.java:152)
	at org.apache.catalina.core.ContainerBase.addChildInternal(ContainerBase.java:812)
	at org.apache.catalina.core.ContainerBase.addChild(ContainerBase.java:787)
	at org.apache.catalina.core.StandardHost.addChild(StandardHost.java:607)
	at org.apache.catalina.startup.HostConfig.deployDirectory(HostConfig.java:1055)
	at org.apache.catalina.startup.HostConfig.deployDirectories(HostConfig.java:978)
	at org.apache.catalina.startup.HostConfig.deployApps(HostConfig.java:472)
	at org.apache.catalina.startup.HostConfig.start(HostConfig.java:1329)
	at org.apache.catalina.startup.HostConfig.lifecycleEvent(HostConfig.java:311)
	at org.apache.catalina.util.LifecycleSupport.fireLifecycleEvent(LifecycleSupport.java:119)
	at org.apache.catalina.util.LifecycleBase.fireLifecycleEvent(LifecycleBase.java:90)
	at org.apache.catalina.util.LifecycleBase.setStateInternal(LifecycleBase.java:389)
	at org.apache.catalina.util.LifecycleBase.setState(LifecycleBase.java:334)
	at org.apache.catalina.core.ContainerBase.startInternal(ContainerBase.java:1041)
	at org.apache.catalina.core.StandardHost.startInternal(StandardHost.java:774)
	at org.apache.catalina.util.LifecycleBase.start(LifecycleBase.java:148)
	at org.apache.catalina.core.ContainerBase.startInternal(ContainerBase.java:1033)
	at org.apache.catalina.core.StandardEngine.startInternal(StandardEngine.java:291)
	at org.apache.catalina.util.LifecycleBase.start(LifecycleBase.java:148)
	at org.apache.catalina.core.StandardService.startInternal(StandardService.java:443)
	at org.apache.catalina.util.LifecycleBase.start(LifecycleBase.java:148)
	at org.apache.catalina.core.StandardServer.startInternal(StandardServer.java:727)
	at org.apache.catalina.util.LifecycleBase.start(LifecycleBase.java:148)
	at org.apache.catalina.startup.Catalina.start(Catalina.java:621)
	at sun.reflect.NativeMethodAccessorImpl.invoke0(Native Method)
	at sun.reflect.NativeMethodAccessorImpl.invoke(Unknown Source)
	at sun.reflect.DelegatingMethodAccessorImpl.invoke(Unknown Source)
	at java.lang.reflect.Method.invoke(Unknown Source)
	at org.apache.catalina.startup.Bootstrap.start(Bootstrap.java:322)
	at org.apache.catalina.startup.Bootstrap.main(Bootstrap.java:450)
Caused by: org.apache.tomcat.util.bcel.classfile.ClassFormatException: Invalid byte tag in constant pool: 15
	at org.apache.tomcat.util.bcel.classfile.Constant.readConstant(Constant.java:131)
	at org.apache.tomcat.util.bcel.classfile.ConstantPool.<init>(ConstantPool.java:60)
	at org.apache.tomcat.util.bcel.classfile.ClassParser.readConstantPool(ClassParser.java:209)
	at org.apache.tomcat.util.bcel.classfile.ClassParser.parse(ClassParser.java:119)
	at org.apache.catalina.startup.ContextConfig.processAnnotationsStream(ContextConfig.java:1967)
	at org.apache.catalina.startup.ContextConfig.processAnnotationsJar(ContextConfig.java:1858)
	at org.apache.catalina.startup.ContextConfig.processAnnotationsUrl(ContextConfig.java:1826)
	at org.apache.catalina.startup.ContextConfig.processAnnotations(ContextConfig.java:1812)
	at org.apache.catalina.startup.ContextConfig.webConfig(ContextConfig.java:1306)
	at org.apache.catalina.startup.ContextConfig.configureStart(ContextConfig.java:896)
	at org.apache.catalina.startup.ContextConfig.lifecycleEvent(ContextConfig.java:322)
	at org.apache.catalina.util.LifecycleSupport.fireLifecycleEvent(LifecycleSupport.java:119)
	at org.apache.catalina.util.LifecycleBase.fireLifecycleEvent(LifecycleBase.java:90)
	at org.apache.catalina.core.StandardContext.startInternal(StandardContext.java:5103)
	at org.apache.catalina.util.LifecycleBase.start(LifecycleBase.java:148)
	... 29 more

mai 05, 2015 2:39:40 PM org.apache.catalina.startup.HostConfig deployDirectory
GRAVE: Erreur lors du déploiement du répertoire dev de l'application web
java.lang.IllegalStateException: ContainerBase.addChild: start: org.apache.catalina.LifecycleException: Failed to start component [StandardEngine[Catalina].StandardHost[localhost].StandardContext[/dev]]
	at org.apache.catalina.core.ContainerBase.addChildInternal(ContainerBase.java:816)
	at org.apache.catalina.core.ContainerBase.addChild(ContainerBase.java:787)
	at org.apache.catalina.core.StandardHost.addChild(StandardHost.java:607)
	at org.apache.catalina.startup.HostConfig.deployDirectory(HostConfig.java:1055)
	at org.apache.catalina.startup.HostConfig.deployDirectories(HostConfig.java:978)
	at org.apache.catalina.startup.HostConfig.deployApps(HostConfig.java:472)
	at org.apache.catalina.startup.HostConfig.start(HostConfig.java:1329)
	at org.apache.catalina.startup.HostConfig.lifecycleEvent(HostConfig.java:311)
	at org.apache.catalina.util.LifecycleSupport.fireLifecycleEvent(LifecycleSupport.java:119)
	at org.apache.catalina.util.LifecycleBase.fireLifecycleEvent(LifecycleBase.java:90)
	at org.apache.catalina.util.LifecycleBase.setStateInternal(LifecycleBase.java:389)
	at org.apache.catalina.util.LifecycleBase.setState(LifecycleBase.java:334)
	at org.apache.catalina.core.ContainerBase.startInternal(ContainerBase.java:1041)
	at org.apache.catalina.core.StandardHost.startInternal(StandardHost.java:774)
	at org.apache.catalina.util.LifecycleBase.start(LifecycleBase.java:148)
	at org.apache.catalina.core.ContainerBase.startInternal(ContainerBase.java:1033)
	at org.apache.catalina.core.StandardEngine.startInternal(StandardEngine.java:291)
	at org.apache.catalina.util.LifecycleBase.start(LifecycleBase.java:148)
	at org.apache.catalina.core.StandardService.startInternal(StandardService.java:443)
	at org.apache.catalina.util.LifecycleBase.start(LifecycleBase.java:148)
	at org.apache.catalina.core.StandardServer.startInternal(StandardServer.java:727)
	at org.apache.catalina.util.LifecycleBase.start(LifecycleBase.java:148)
	at org.apache.catalina.startup.Catalina.start(Catalina.java:621)
	at sun.reflect.NativeMethodAccessorImpl.invoke0(Native Method)
	at sun.reflect.NativeMethodAccessorImpl.invoke(Unknown Source)
	at sun.reflect.DelegatingMethodAccessorImpl.invoke(Unknown Source)
	at java.lang.reflect.Method.invoke(Unknown Source)
	at org.apache.catalina.startup.Bootstrap.start(Bootstrap.java:322)
	at org.apache.catalina.startup.Bootstrap.main(Bootstrap.java:450)

mai 05, 2015 2:39:40 PM org.apache.catalina.startup.HostConfig deployDirectory
INFOS: Déploiement du répertoire docs de l'application web
mai 05, 2015 2:39:40 PM org.apache.catalina.startup.HostConfig deployDirectory
INFOS: Déploiement du répertoire examples de l'application web
mai 05, 2015 2:39:40 PM org.apache.catalina.startup.HostConfig deployDirectory
INFOS: Déploiement du répertoire host-manager de l'application web
mai 05, 2015 2:39:40 PM org.apache.catalina.startup.HostConfig deployDirectory
INFOS: Déploiement du répertoire manager de l'application web
mai 05, 2015 2:39:40 PM org.apache.catalina.startup.HostConfig deployDirectory
INFOS: Déploiement du répertoire ROOT de l'application web
mai 05, 2015 2:39:40 PM org.apache.coyote.AbstractProtocol start
INFOS: Starting ProtocolHandler ["http-bio-8080"]
mai 05, 2015 2:39:40 PM org.apache.coyote.AbstractProtocol start
INFOS: Starting ProtocolHandler ["ajp-bio-8009"]
mai 05, 2015 2:39:40 PM org.apache.catalina.startup.Catalina start
INFOS: Server startup in 757 ms
mai 05, 2015 2:41:00 PM org.apache.catalina.core.AprLifecycleListener init
INFOS: The APR based Apache Tomcat Native library which allows optimal performance in production environments was not found on the java.library.path: C:\Program Files\Java\jre1.8.0_45\bin;C:\Windows\Sun\Java\bin;C:\Windows\system32;C:\Windows;C:\ProgramData\Oracle\Java\javapath;C:\Program Files (x86)\NVIDIA Corporation\PhysX\Common;C:\Qt\Tools\mingw48_32\bin;C:\Qt\5.2.0\mingw48_32\bin;C:\Libraries\cxxtest-4.3;C:\Python33\;c:\Program Files (x86)\Intel\iCLS Client\;c:\Program Files\Intel\iCLS Client\;C:\Windows\system32;C:\Windows;C:\Windows\System32\Wbem;C:\Windows\System32\WindowsPowerShell\v1.0\;C:\Program Files\Intel\Intel(R) Management Engine Components\DAL;C:\Program Files\Intel\Intel(R) Management Engine Components\IPT;C:\Program Files (x86)\Intel\Intel(R) Management Engine Components\DAL;C:\Program Files (x86)\Intel\Intel(R) Management Engine Components\IPT;C:\Program Files (x86)\GnuWin32\bin;C:\Program Files (x86)\Calibre2\;C:\Program Files (x86)\Skype\Phone\;C:\MinGW\bin;C:\Users\Thibaut\MiKTeX 2.9\miktex\bin\;C:\Program Files (x86)\MiKTeX 2.9\miktex\bin\;.
mai 05, 2015 2:41:00 PM org.apache.coyote.AbstractProtocol init
INFOS: Initializing ProtocolHandler ["http-bio-8080"]
mai 05, 2015 2:41:00 PM org.apache.coyote.AbstractProtocol init
INFOS: Initializing ProtocolHandler ["ajp-bio-8009"]
mai 05, 2015 2:41:00 PM org.apache.catalina.startup.Catalina load
INFOS: Initialization processed in 396 ms
mai 05, 2015 2:41:00 PM org.apache.catalina.core.StandardService startInternal
INFOS: Démarrage du service Catalina
mai 05, 2015 2:41:00 PM org.apache.catalina.core.StandardEngine startInternal
INFOS: Starting Servlet Engine: Apache Tomcat/7.0.22
mai 05, 2015 2:41:00 PM org.apache.catalina.startup.HostConfig deployWAR
INFOS: Déploiement de l'archive ProjetSousTitres.war de l'application web
mai 05, 2015 2:41:00 PM org.apache.catalina.util.SessionIdGenerator createSecureRandom
INFOS: Creation of SecureRandom instance for session ID generation using [SHA1PRNG] took [114] milliseconds.
mai 05, 2015 2:41:00 PM org.apache.catalina.startup.HostConfig deployDirectory
INFOS: Déploiement du répertoire dev de l'application web
mai 05, 2015 2:41:00 PM org.apache.catalina.core.ContainerBase addChildInternal
GRAVE: ContainerBase.addChild: start: 
org.apache.catalina.LifecycleException: Failed to start component [StandardEngine[Catalina].StandardHost[localhost].StandardContext[/dev]]
	at org.apache.catalina.util.LifecycleBase.start(LifecycleBase.java:152)
	at org.apache.catalina.core.ContainerBase.addChildInternal(ContainerBase.java:812)
	at org.apache.catalina.core.ContainerBase.addChild(ContainerBase.java:787)
	at org.apache.catalina.core.StandardHost.addChild(StandardHost.java:607)
	at org.apache.catalina.startup.HostConfig.deployDirectory(HostConfig.java:1055)
	at org.apache.catalina.startup.HostConfig.deployDirectories(HostConfig.java:978)
	at org.apache.catalina.startup.HostConfig.deployApps(HostConfig.java:472)
	at org.apache.catalina.startup.HostConfig.start(HostConfig.java:1329)
	at org.apache.catalina.startup.HostConfig.lifecycleEvent(HostConfig.java:311)
	at org.apache.catalina.util.LifecycleSupport.fireLifecycleEvent(LifecycleSupport.java:119)
	at org.apache.catalina.util.LifecycleBase.fireLifecycleEvent(LifecycleBase.java:90)
	at org.apache.catalina.util.LifecycleBase.setStateInternal(LifecycleBase.java:389)
	at org.apache.catalina.util.LifecycleBase.setState(LifecycleBase.java:334)
	at org.apache.catalina.core.ContainerBase.startInternal(ContainerBase.java:1041)
	at org.apache.catalina.core.StandardHost.startInternal(StandardHost.java:774)
	at org.apache.catalina.util.LifecycleBase.start(LifecycleBase.java:148)
	at org.apache.catalina.core.ContainerBase.startInternal(ContainerBase.java:1033)
	at org.apache.catalina.core.StandardEngine.startInternal(StandardEngine.java:291)
	at org.apache.catalina.util.LifecycleBase.start(LifecycleBase.java:148)
	at org.apache.catalina.core.StandardService.startInternal(StandardService.java:443)
	at org.apache.catalina.util.LifecycleBase.start(LifecycleBase.java:148)
	at org.apache.catalina.core.StandardServer.startInternal(StandardServer.java:727)
	at org.apache.catalina.util.LifecycleBase.start(LifecycleBase.java:148)
	at org.apache.catalina.startup.Catalina.start(Catalina.java:621)
	at sun.reflect.NativeMethodAccessorImpl.invoke0(Native Method)
	at sun.reflect.NativeMethodAccessorImpl.invoke(Unknown Source)
	at sun.reflect.DelegatingMethodAccessorImpl.invoke(Unknown Source)
	at java.lang.reflect.Method.invoke(Unknown Source)
	at org.apache.catalina.startup.Bootstrap.start(Bootstrap.java:322)
	at org.apache.catalina.startup.Bootstrap.main(Bootstrap.java:450)
Caused by: org.apache.tomcat.util.bcel.classfile.ClassFormatException: Invalid byte tag in constant pool: 15
	at org.apache.tomcat.util.bcel.classfile.Constant.readConstant(Constant.java:131)
	at org.apache.tomcat.util.bcel.classfile.ConstantPool.<init>(ConstantPool.java:60)
	at org.apache.tomcat.util.bcel.classfile.ClassParser.readConstantPool(ClassParser.java:209)
	at org.apache.tomcat.util.bcel.classfile.ClassParser.parse(ClassParser.java:119)
	at org.apache.catalina.startup.ContextConfig.processAnnotationsStream(ContextConfig.java:1967)
	at org.apache.catalina.startup.ContextConfig.processAnnotationsJar(ContextConfig.java:1858)
	at org.apache.catalina.startup.ContextConfig.processAnnotationsUrl(ContextConfig.java:1826)
	at org.apache.catalina.startup.ContextConfig.processAnnotations(ContextConfig.java:1812)
	at org.apache.catalina.startup.ContextConfig.webConfig(ContextConfig.java:1306)
	at org.apache.catalina.startup.ContextConfig.configureStart(ContextConfig.java:896)
	at org.apache.catalina.startup.ContextConfig.lifecycleEvent(ContextConfig.java:322)
	at org.apache.catalina.util.LifecycleSupport.fireLifecycleEvent(LifecycleSupport.java:119)
	at org.apache.catalina.util.LifecycleBase.fireLifecycleEvent(LifecycleBase.java:90)
	at org.apache.catalina.core.StandardContext.startInternal(StandardContext.java:5103)
	at org.apache.catalina.util.LifecycleBase.start(LifecycleBase.java:148)
	... 29 more

mai 05, 2015 2:41:00 PM org.apache.catalina.startup.HostConfig deployDirectory
GRAVE: Erreur lors du déploiement du répertoire dev de l'application web
java.lang.IllegalStateException: ContainerBase.addChild: start: org.apache.catalina.LifecycleException: Failed to start component [StandardEngine[Catalina].StandardHost[localhost].StandardContext[/dev]]
	at org.apache.catalina.core.ContainerBase.addChildInternal(ContainerBase.java:816)
	at org.apache.catalina.core.ContainerBase.addChild(ContainerBase.java:787)
	at org.apache.catalina.core.StandardHost.addChild(StandardHost.java:607)
	at org.apache.catalina.startup.HostConfig.deployDirectory(HostConfig.java:1055)
	at org.apache.catalina.startup.HostConfig.deployDirectories(HostConfig.java:978)
	at org.apache.catalina.startup.HostConfig.deployApps(HostConfig.java:472)
	at org.apache.catalina.startup.HostConfig.start(HostConfig.java:1329)
	at org.apache.catalina.startup.HostConfig.lifecycleEvent(HostConfig.java:311)
	at org.apache.catalina.util.LifecycleSupport.fireLifecycleEvent(LifecycleSupport.java:119)
	at org.apache.catalina.util.LifecycleBase.fireLifecycleEvent(LifecycleBase.java:90)
	at org.apache.catalina.util.LifecycleBase.setStateInternal(LifecycleBase.java:389)
	at org.apache.catalina.util.LifecycleBase.setState(LifecycleBase.java:334)
	at org.apache.catalina.core.ContainerBase.startInternal(ContainerBase.java:1041)
	at org.apache.catalina.core.StandardHost.startInternal(StandardHost.java:774)
	at org.apache.catalina.util.LifecycleBase.start(LifecycleBase.java:148)
	at org.apache.catalina.core.ContainerBase.startInternal(ContainerBase.java:1033)
	at org.apache.catalina.core.StandardEngine.startInternal(StandardEngine.java:291)
	at org.apache.catalina.util.LifecycleBase.start(LifecycleBase.java:148)
	at org.apache.catalina.core.StandardService.startInternal(StandardService.java:443)
	at org.apache.catalina.util.LifecycleBase.start(LifecycleBase.java:148)
	at org.apache.catalina.core.StandardServer.startInternal(StandardServer.java:727)
	at org.apache.catalina.util.LifecycleBase.start(LifecycleBase.java:148)
	at org.apache.catalina.startup.Catalina.start(Catalina.java:621)
	at sun.reflect.NativeMethodAccessorImpl.invoke0(Native Method)
	at sun.reflect.NativeMethodAccessorImpl.invoke(Unknown Source)
	at sun.reflect.DelegatingMethodAccessorImpl.invoke(Unknown Source)
	at java.lang.reflect.Method.invoke(Unknown Source)
	at org.apache.catalina.startup.Bootstrap.start(Bootstrap.java:322)
	at org.apache.catalina.startup.Bootstrap.main(Bootstrap.java:450)

mai 05, 2015 2:41:00 PM org.apache.catalina.startup.HostConfig deployDirectory
INFOS: Déploiement du répertoire docs de l'application web
mai 05, 2015 2:41:00 PM org.apache.catalina.startup.HostConfig deployDirectory
INFOS: Déploiement du répertoire examples de l'application web
mai 05, 2015 2:41:00 PM org.apache.catalina.startup.HostConfig deployDirectory
INFOS: Déploiement du répertoire host-manager de l'application web
mai 05, 2015 2:41:00 PM org.apache.catalina.startup.HostConfig deployDirectory
INFOS: Déploiement du répertoire manager de l'application web
mai 05, 2015 2:41:01 PM org.apache.catalina.startup.HostConfig deployDirectory
INFOS: Déploiement du répertoire ROOT de l'application web
mai 05, 2015 2:41:01 PM org.apache.coyote.AbstractProtocol start
INFOS: Starting ProtocolHandler ["http-bio-8080"]
mai 05, 2015 2:41:01 PM org.apache.coyote.AbstractProtocol start
INFOS: Starting ProtocolHandler ["ajp-bio-8009"]
mai 05, 2015 2:41:01 PM org.apache.catalina.startup.Catalina start
INFOS: Server startup in 786 ms
mai 05, 2015 2:46:14 PM org.apache.catalina.core.AprLifecycleListener init
INFOS: The APR based Apache Tomcat Native library which allows optimal performance in production environments was not found on the java.library.path: C:\Program Files\Java\jre1.8.0_45\bin;C:\Windows\Sun\Java\bin;C:\Windows\system32;C:\Windows;C:\ProgramData\Oracle\Java\javapath;C:\Program Files (x86)\NVIDIA Corporation\PhysX\Common;C:\Qt\Tools\mingw48_32\bin;C:\Qt\5.2.0\mingw48_32\bin;C:\Libraries\cxxtest-4.3;C:\Python33\;c:\Program Files (x86)\Intel\iCLS Client\;c:\Program Files\Intel\iCLS Client\;C:\Windows\system32;C:\Windows;C:\Windows\System32\Wbem;C:\Windows\System32\WindowsPowerShell\v1.0\;C:\Program Files\Intel\Intel(R) Management Engine Components\DAL;C:\Program Files\Intel\Intel(R) Management Engine Components\IPT;C:\Program Files (x86)\Intel\Intel(R) Management Engine Components\DAL;C:\Program Files (x86)\Intel\Intel(R) Management Engine Components\IPT;C:\Program Files (x86)\GnuWin32\bin;C:\Program Files (x86)\Calibre2\;C:\Program Files (x86)\Skype\Phone\;C:\MinGW\bin;C:\Users\Thibaut\MiKTeX 2.9\miktex\bin\;C:\Program Files (x86)\MiKTeX 2.9\miktex\bin\;.
mai 05, 2015 2:46:14 PM org.apache.coyote.AbstractProtocol init
INFOS: Initializing ProtocolHandler ["http-bio-8080"]
mai 05, 2015 2:46:14 PM org.apache.coyote.AbstractProtocol init
INFOS: Initializing ProtocolHandler ["ajp-bio-8009"]
mai 05, 2015 2:46:14 PM org.apache.catalina.startup.Catalina load
INFOS: Initialization processed in 396 ms
mai 05, 2015 2:46:14 PM org.apache.catalina.core.StandardService startInternal
INFOS: Démarrage du service Catalina
mai 05, 2015 2:46:14 PM org.apache.catalina.core.StandardEngine startInternal
INFOS: Starting Servlet Engine: Apache Tomcat/7.0.22
mai 05, 2015 2:46:14 PM org.apache.catalina.startup.HostConfig deployWAR
INFOS: Déploiement de l'archive ProjetSousTitres.war de l'application web
mai 05, 2015 2:46:14 PM org.apache.catalina.util.SessionIdGenerator createSecureRandom
INFOS: Creation of SecureRandom instance for session ID generation using [SHA1PRNG] took [118] milliseconds.
mai 05, 2015 2:46:14 PM org.apache.catalina.startup.HostConfig deployDirectory
INFOS: Déploiement du répertoire dev de l'application web
mai 05, 2015 2:46:15 PM org.apache.catalina.core.ContainerBase addChildInternal
GRAVE: ContainerBase.addChild: start: 
org.apache.catalina.LifecycleException: Failed to start component [StandardEngine[Catalina].StandardHost[localhost].StandardContext[/dev]]
	at org.apache.catalina.util.LifecycleBase.start(LifecycleBase.java:152)
	at org.apache.catalina.core.ContainerBase.addChildInternal(ContainerBase.java:812)
	at org.apache.catalina.core.ContainerBase.addChild(ContainerBase.java:787)
	at org.apache.catalina.core.StandardHost.addChild(StandardHost.java:607)
	at org.apache.catalina.startup.HostConfig.deployDirectory(HostConfig.java:1055)
	at org.apache.catalina.startup.HostConfig.deployDirectories(HostConfig.java:978)
	at org.apache.catalina.startup.HostConfig.deployApps(HostConfig.java:472)
	at org.apache.catalina.startup.HostConfig.start(HostConfig.java:1329)
	at org.apache.catalina.startup.HostConfig.lifecycleEvent(HostConfig.java:311)
	at org.apache.catalina.util.LifecycleSupport.fireLifecycleEvent(LifecycleSupport.java:119)
	at org.apache.catalina.util.LifecycleBase.fireLifecycleEvent(LifecycleBase.java:90)
	at org.apache.catalina.util.LifecycleBase.setStateInternal(LifecycleBase.java:389)
	at org.apache.catalina.util.LifecycleBase.setState(LifecycleBase.java:334)
	at org.apache.catalina.core.ContainerBase.startInternal(ContainerBase.java:1041)
	at org.apache.catalina.core.StandardHost.startInternal(StandardHost.java:774)
	at org.apache.catalina.util.LifecycleBase.start(LifecycleBase.java:148)
	at org.apache.catalina.core.ContainerBase.startInternal(ContainerBase.java:1033)
	at org.apache.catalina.core.StandardEngine.startInternal(StandardEngine.java:291)
	at org.apache.catalina.util.LifecycleBase.start(LifecycleBase.java:148)
	at org.apache.catalina.core.StandardService.startInternal(StandardService.java:443)
	at org.apache.catalina.util.LifecycleBase.start(LifecycleBase.java:148)
	at org.apache.catalina.core.StandardServer.startInternal(StandardServer.java:727)
	at org.apache.catalina.util.LifecycleBase.start(LifecycleBase.java:148)
	at org.apache.catalina.startup.Catalina.start(Catalina.java:621)
	at sun.reflect.NativeMethodAccessorImpl.invoke0(Native Method)
	at sun.reflect.NativeMethodAccessorImpl.invoke(Unknown Source)
	at sun.reflect.DelegatingMethodAccessorImpl.invoke(Unknown Source)
	at java.lang.reflect.Method.invoke(Unknown Source)
	at org.apache.catalina.startup.Bootstrap.start(Bootstrap.java:322)
	at org.apache.catalina.startup.Bootstrap.main(Bootstrap.java:450)
Caused by: org.apache.tomcat.util.bcel.classfile.ClassFormatException: Invalid byte tag in constant pool: 15
	at org.apache.tomcat.util.bcel.classfile.Constant.readConstant(Constant.java:131)
	at org.apache.tomcat.util.bcel.classfile.ConstantPool.<init>(ConstantPool.java:60)
	at org.apache.tomcat.util.bcel.classfile.ClassParser.readConstantPool(ClassParser.java:209)
	at org.apache.tomcat.util.bcel.classfile.ClassParser.parse(ClassParser.java:119)
	at org.apache.catalina.startup.ContextConfig.processAnnotationsStream(ContextConfig.java:1967)
	at org.apache.catalina.startup.ContextConfig.processAnnotationsJar(ContextConfig.java:1858)
	at org.apache.catalina.startup.ContextConfig.processAnnotationsUrl(ContextConfig.java:1826)
	at org.apache.catalina.startup.ContextConfig.processAnnotations(ContextConfig.java:1812)
	at org.apache.catalina.startup.ContextConfig.webConfig(ContextConfig.java:1306)
	at org.apache.catalina.startup.ContextConfig.configureStart(ContextConfig.java:896)
	at org.apache.catalina.startup.ContextConfig.lifecycleEvent(ContextConfig.java:322)
	at org.apache.catalina.util.LifecycleSupport.fireLifecycleEvent(LifecycleSupport.java:119)
	at org.apache.catalina.util.LifecycleBase.fireLifecycleEvent(LifecycleBase.java:90)
	at org.apache.catalina.core.StandardContext.startInternal(StandardContext.java:5103)
	at org.apache.catalina.util.LifecycleBase.start(LifecycleBase.java:148)
	... 29 more

mai 05, 2015 2:46:15 PM org.apache.catalina.startup.HostConfig deployDirectory
GRAVE: Erreur lors du déploiement du répertoire dev de l'application web
java.lang.IllegalStateException: ContainerBase.addChild: start: org.apache.catalina.LifecycleException: Failed to start component [StandardEngine[Catalina].StandardHost[localhost].StandardContext[/dev]]
	at org.apache.catalina.core.ContainerBase.addChildInternal(ContainerBase.java:816)
	at org.apache.catalina.core.ContainerBase.addChild(ContainerBase.java:787)
	at org.apache.catalina.core.StandardHost.addChild(StandardHost.java:607)
	at org.apache.catalina.startup.HostConfig.deployDirectory(HostConfig.java:1055)
	at org.apache.catalina.startup.HostConfig.deployDirectories(HostConfig.java:978)
	at org.apache.catalina.startup.HostConfig.deployApps(HostConfig.java:472)
	at org.apache.catalina.startup.HostConfig.start(HostConfig.java:1329)
	at org.apache.catalina.startup.HostConfig.lifecycleEvent(HostConfig.java:311)
	at org.apache.catalina.util.LifecycleSupport.fireLifecycleEvent(LifecycleSupport.java:119)
	at org.apache.catalina.util.LifecycleBase.fireLifecycleEvent(LifecycleBase.java:90)
	at org.apache.catalina.util.LifecycleBase.setStateInternal(LifecycleBase.java:389)
	at org.apache.catalina.util.LifecycleBase.setState(LifecycleBase.java:334)
	at org.apache.catalina.core.ContainerBase.startInternal(ContainerBase.java:1041)
	at org.apache.catalina.core.StandardHost.startInternal(StandardHost.java:774)
	at org.apache.catalina.util.LifecycleBase.start(LifecycleBase.java:148)
	at org.apache.catalina.core.ContainerBase.startInternal(ContainerBase.java:1033)
	at org.apache.catalina.core.StandardEngine.startInternal(StandardEngine.java:291)
	at org.apache.catalina.util.LifecycleBase.start(LifecycleBase.java:148)
	at org.apache.catalina.core.StandardService.startInternal(StandardService.java:443)
	at org.apache.catalina.util.LifecycleBase.start(LifecycleBase.java:148)
	at org.apache.catalina.core.StandardServer.startInternal(StandardServer.java:727)
	at org.apache.catalina.util.LifecycleBase.start(LifecycleBase.java:148)
	at org.apache.catalina.startup.Catalina.start(Catalina.java:621)
	at sun.reflect.NativeMethodAccessorImpl.invoke0(Native Method)
	at sun.reflect.NativeMethodAccessorImpl.invoke(Unknown Source)
	at sun.reflect.DelegatingMethodAccessorImpl.invoke(Unknown Source)
	at java.lang.reflect.Method.invoke(Unknown Source)
	at org.apache.catalina.startup.Bootstrap.start(Bootstrap.java:322)
	at org.apache.catalina.startup.Bootstrap.main(Bootstrap.java:450)

mai 05, 2015 2:46:15 PM org.apache.catalina.startup.HostConfig deployDirectory
INFOS: Déploiement du répertoire docs de l'application web
mai 05, 2015 2:46:15 PM org.apache.catalina.startup.HostConfig deployDirectory
INFOS: Déploiement du répertoire examples de l'application web
mai 05, 2015 2:46:15 PM org.apache.catalina.startup.HostConfig deployDirectory
INFOS: Déploiement du répertoire host-manager de l'application web
mai 05, 2015 2:46:15 PM org.apache.catalina.startup.HostConfig deployDirectory
INFOS: Déploiement du répertoire manager de l'application web
mai 05, 2015 2:46:15 PM org.apache.catalina.startup.HostConfig deployDirectory
INFOS: Déploiement du répertoire ROOT de l'application web
mai 05, 2015 2:46:15 PM org.apache.coyote.AbstractProtocol start
INFOS: Starting ProtocolHandler ["http-bio-8080"]
mai 05, 2015 2:46:15 PM org.apache.coyote.AbstractProtocol start
INFOS: Starting ProtocolHandler ["ajp-bio-8009"]
mai 05, 2015 2:46:15 PM org.apache.catalina.startup.Catalina start
INFOS: Server startup in 817 ms
