12 juil. 2013 09:30:11 org.apache.catalina.core.AprLifecycleListener init
INFO: The APR based Apache Tomcat Native library which allows optimal performance in production environments was not found on the java.library.path: /usr/lib/jvm/java-6-openjdk/jre/lib/amd64/server:/usr/lib/jvm/java-6-openjdk/jre/lib/amd64:/usr/lib/jvm/java-6-openjdk/jre/../lib/amd64:/usr/java/packages/lib/amd64:/usr/lib/jni:/lib:/usr/lib
12 juil. 2013 09:30:11 org.apache.coyote.AbstractProtocol init
INFO: Initializing ProtocolHandler ["http-bio-8080"]
12 juil. 2013 09:30:11 org.apache.coyote.AbstractProtocol init
INFO: Initializing ProtocolHandler ["ajp-bio-8009"]
12 juil. 2013 09:30:11 org.apache.catalina.startup.Catalina load
INFO: Initialization processed in 681 ms
12 juil. 2013 09:30:11 org.apache.catalina.core.StandardService startInternal
INFO: Démarrage du service Catalina
12 juil. 2013 09:30:11 org.apache.catalina.core.StandardEngine startInternal
INFO: Starting Servlet Engine: Apache Tomcat/7.0.22
12 juil. 2013 09:30:11 org.apache.catalina.startup.HostConfig deployWAR
INFO: Déploiement de l'archive ProjetSousTitres.war de l'application web
12 juil. 2013 09:30:12 org.apache.catalina.startup.HostConfig deployDirectory
INFO: Déploiement du répertoire docs de l'application web
12 juil. 2013 09:30:12 org.apache.catalina.startup.HostConfig deployDirectory
INFO: Déploiement du répertoire ROOT de l'application web
12 juil. 2013 09:30:12 org.apache.catalina.startup.HostConfig deployDirectory
INFO: Déploiement du répertoire dev de l'application web
12 juil. 2013 09:30:12 org.apache.catalina.startup.HostConfig deployDirectory
INFO: Déploiement du répertoire examples de l'application web
12 juil. 2013 09:30:12 org.apache.catalina.startup.HostConfig deployDirectory
INFO: Déploiement du répertoire host-manager de l'application web
12 juil. 2013 09:30:12 org.apache.catalina.startup.HostConfig deployDirectory
INFO: Déploiement du répertoire TP de l'application web
12 juil. 2013 09:30:12 org.apache.catalina.startup.HostConfig deployDirectory
INFO: Déploiement du répertoire manager de l'application web
12 juil. 2013 09:30:12 org.apache.catalina.startup.HostConfig deployDirectory
INFO: Déploiement du répertoire TestSub de l'application web
12 juil. 2013 09:30:12 org.apache.catalina.startup.HostConfig deployDirectory
INFO: Déploiement du répertoire SubMaker de l'application web
12 juil. 2013 09:30:12 org.apache.catalina.startup.HostConfig deployDirectory
INFO: Déploiement du répertoire Gabriel de l'application web
12 juil. 2013 09:30:13 org.apache.coyote.AbstractProtocol start
INFO: Starting ProtocolHandler ["http-bio-8080"]
12 juil. 2013 09:30:13 org.apache.coyote.AbstractProtocol start
INFO: Starting ProtocolHandler ["ajp-bio-8009"]
12 juil. 2013 09:30:13 org.apache.catalina.startup.Catalina start
INFO: Server startup in 1304 ms
12 juil. 2013 12:28:56 org.apache.coyote.AbstractProtocol pause
INFO: Pausing ProtocolHandler ["http-bio-8080"]
12 juil. 2013 12:28:57 org.apache.coyote.AbstractProtocol pause
INFO: Pausing ProtocolHandler ["ajp-bio-8009"]
12 juil. 2013 12:28:58 org.apache.catalina.core.StandardService stopInternal
INFO: Arrêt du service Catalina
12 juil. 2013 12:28:58 org.apache.coyote.AbstractProtocol stop
INFO: Stopping ProtocolHandler ["http-bio-8080"]
12 juil. 2013 12:28:58 org.apache.coyote.AbstractProtocol stop
INFO: Stopping ProtocolHandler ["ajp-bio-8009"]
12 juil. 2013 12:28:58 org.apache.coyote.AbstractProtocol destroy
INFO: Destroying ProtocolHandler ["http-bio-8080"]
12 juil. 2013 12:28:58 org.apache.coyote.AbstractProtocol destroy
INFO: Destroying ProtocolHandler ["ajp-bio-8009"]
