25 oct. 2011 11:12:35 org.apache.catalina.core.ApplicationContext log
INFO: ContextListener: contextInitialized()
25 oct. 2011 11:12:35 org.apache.catalina.core.ApplicationContext log
INFO: SessionListener: contextInitialized()
25 oct. 2011 11:12:35 org.apache.catalina.core.ApplicationContext log
INFO: ContextListener: attributeAdded('org.apache.jasper.compiler.TldLocationsCache', 'org.apache.jasper.compiler.TldLocationsCache@25a41cc7')
25 oct. 2011 16:23:40 org.apache.catalina.core.ApplicationContext log
INFO: ContextListener: contextInitialized()
25 oct. 2011 16:23:40 org.apache.catalina.core.ApplicationContext log
INFO: SessionListener: contextInitialized()
25 oct. 2011 16:23:40 org.apache.catalina.core.ApplicationContext log
INFO: ContextListener: attributeAdded('org.apache.jasper.compiler.TldLocationsCache', 'org.apache.jasper.compiler.TldLocationsCache@6e37d490')
25 oct. 2011 16:23:40 org.apache.catalina.core.ApplicationContext log
INFO: SessionListener: contextDestroyed()
25 oct. 2011 16:23:40 org.apache.catalina.core.ApplicationContext log
INFO: ContextListener: contextDestroyed()
25 oct. 2011 17:58:53 org.apache.catalina.core.ApplicationContext log
INFO: SessionListener: contextDestroyed()
25 oct. 2011 17:58:53 org.apache.catalina.core.ApplicationContext log
INFO: ContextListener: contextDestroyed()
