30 nov. 2011 03:33:07 org.apache.catalina.core.ApplicationContext log
INFO: ContextListener: contextInitialized()
30 nov. 2011 03:33:07 org.apache.catalina.core.ApplicationContext log
INFO: SessionListener: contextInitialized()
30 nov. 2011 03:33:07 org.apache.catalina.core.ApplicationContext log
INFO: ContextListener: attributeAdded('org.apache.jasper.compiler.TldLocationsCache', 'org.apache.jasper.compiler.TldLocationsCache@444b0bbb')
30 nov. 2011 03:40:43 org.apache.catalina.core.ApplicationContext log
INFO: SessionListener: contextDestroyed()
30 nov. 2011 03:40:43 org.apache.catalina.core.ApplicationContext log
INFO: ContextListener: contextDestroyed()
30 nov. 2011 03:40:53 org.apache.catalina.core.ApplicationContext log
INFO: ContextListener: contextInitialized()
30 nov. 2011 03:40:53 org.apache.catalina.core.ApplicationContext log
INFO: SessionListener: contextInitialized()
30 nov. 2011 03:40:53 org.apache.catalina.core.ApplicationContext log
INFO: ContextListener: attributeAdded('org.apache.jasper.compiler.TldLocationsCache', 'org.apache.jasper.compiler.TldLocationsCache@1ac2cf83')
30 nov. 2011 23:49:30 org.apache.catalina.core.ApplicationContext log
INFO: SessionListener: contextDestroyed()
30 nov. 2011 23:49:30 org.apache.catalina.core.ApplicationContext log
INFO: ContextListener: contextDestroyed()
