8 nov. 2011 11:26:55 org.apache.catalina.core.ApplicationContext log
INFO: ContextListener: contextInitialized()
8 nov. 2011 11:26:55 org.apache.catalina.core.ApplicationContext log
INFO: SessionListener: contextInitialized()
8 nov. 2011 11:26:55 org.apache.catalina.core.ApplicationContext log
INFO: ContextListener: attributeAdded('org.apache.jasper.compiler.TldLocationsCache', 'org.apache.jasper.compiler.TldLocationsCache@3a42f352')
8 nov. 2011 11:36:06 org.apache.catalina.core.ApplicationContext log
INFO: SessionListener: contextDestroyed()
8 nov. 2011 11:36:06 org.apache.catalina.core.ApplicationContext log
INFO: ContextListener: contextDestroyed()
8 nov. 2011 11:36:07 org.apache.catalina.core.ApplicationContext log
INFO: ContextListener: contextInitialized()
8 nov. 2011 11:36:07 org.apache.catalina.core.ApplicationContext log
INFO: SessionListener: contextInitialized()
8 nov. 2011 11:36:07 org.apache.catalina.core.ApplicationContext log
INFO: ContextListener: attributeAdded('org.apache.jasper.compiler.TldLocationsCache', 'org.apache.jasper.compiler.TldLocationsCache@2db6235b')
8 nov. 2011 15:36:57 org.apache.catalina.core.ApplicationContext log
INFO: ContextListener: contextInitialized()
8 nov. 2011 15:36:57 org.apache.catalina.core.ApplicationContext log
INFO: SessionListener: contextInitialized()
8 nov. 2011 15:36:57 org.apache.catalina.core.ApplicationContext log
INFO: ContextListener: attributeAdded('org.apache.jasper.compiler.TldLocationsCache', 'org.apache.jasper.compiler.TldLocationsCache@2180b22e')
