19 nov. 2012 15:03:04 org.apache.catalina.core.ApplicationContext log
INFO: ContextListener: contextInitialized()
19 nov. 2012 15:03:04 org.apache.catalina.core.ApplicationContext log
INFO: SessionListener: contextInitialized()
19 nov. 2012 15:03:04 org.apache.catalina.core.ApplicationContext log
INFO: ContextListener: attributeAdded('org.apache.jasper.compiler.TldLocationsCache', 'org.apache.jasper.compiler.TldLocationsCache@488ddb93')
19 nov. 2012 15:46:25 org.apache.catalina.core.ApplicationContext log
INFO: SessionListener: contextDestroyed()
19 nov. 2012 15:46:25 org.apache.catalina.core.ApplicationContext log
INFO: ContextListener: contextDestroyed()
19 nov. 2012 15:46:29 org.apache.catalina.core.ApplicationContext log
INFO: ContextListener: contextInitialized()
19 nov. 2012 15:46:29 org.apache.catalina.core.ApplicationContext log
INFO: SessionListener: contextInitialized()
19 nov. 2012 15:46:29 org.apache.catalina.core.ApplicationContext log
INFO: ContextListener: attributeAdded('org.apache.jasper.compiler.TldLocationsCache', 'org.apache.jasper.compiler.TldLocationsCache@10f268de')
19 nov. 2012 15:54:51 org.apache.catalina.core.ApplicationContext log
INFO: SessionListener: contextDestroyed()
19 nov. 2012 15:54:51 org.apache.catalina.core.ApplicationContext log
INFO: ContextListener: contextDestroyed()
19 nov. 2012 15:54:58 org.apache.catalina.core.ApplicationContext log
INFO: ContextListener: contextInitialized()
19 nov. 2012 15:54:58 org.apache.catalina.core.ApplicationContext log
INFO: SessionListener: contextInitialized()
19 nov. 2012 15:54:58 org.apache.catalina.core.ApplicationContext log
INFO: ContextListener: attributeAdded('org.apache.jasper.compiler.TldLocationsCache', 'org.apache.jasper.compiler.TldLocationsCache@1f195fc')
19 nov. 2012 18:49:09 org.apache.catalina.core.ApplicationContext log
INFO: SessionListener: contextDestroyed()
19 nov. 2012 18:49:09 org.apache.catalina.core.ApplicationContext log
INFO: ContextListener: contextDestroyed()
